Cube        ,D =3, db=1, M = 0.100000, 0.008768 s, 0.284275
Cube LIB       ,D =3, db=1, M = 0.100000, 0.472515
Sphere      ,D =3, db=1, M = 0.100000, 0.005224 s, 0.001671
Sphere LIB     ,D =3, db=1, M= 0.100000, 0.000870
ImpGreedy      ,D =3, db=1, M = 0.100000, 0.149327 s, 0.001332
ImpGreedy LIB       ,D =3, db=1, M = 0.100000, 0.000745
Cube        ,D =3, db=1, M = 0.100000, 0.008349 s, 0.228442
Cube LIB       ,D =3, db=1, M = 0.100000, 0.542385
Sphere      ,D =3, db=1, M = 0.100000, 0.004247 s, 0.001014
Sphere LIB     ,D =3, db=1, M= 0.100000, 0.000435
ImpGreedy      ,D =3, db=1, M = 0.100000, 0.142232 s, 0.000806
ImpGreedy LIB       ,D =3, db=1, M = 0.100000, 0.000373
Cube        ,D =3, db=1, M = 0.100000, 0.008428 s, 0.226146
Cube LIB       ,D =3, db=1, M = 0.100000, 0.627470
Sphere      ,D =3, db=1, M = 0.100000, 0.004378 s, 0.001246
Sphere LIB     ,D =3, db=1, M= 0.100000, 0.001698
ImpGreedy      ,D =3, db=1, M = 0.100000, 0.139248 s, 0.001251
ImpGreedy LIB       ,D =3, db=1, M = 0.100000, 0.003154
Cube        ,D =3, db=1, M = 0.100000, 0.008298 s, 0.201760
Cube LIB       ,D =3, db=1, M = 0.100000, 0.643983
Sphere      ,D =3, db=1, M = 0.100000, 0.004316 s, 0.001014
Sphere LIB     ,D =3, db=1, M= 0.100000, 0.001273
ImpGreedy      ,D =3, db=1, M = 0.100000, 0.134548 s, 0.001022
ImpGreedy LIB       ,D =3, db=1, M = 0.100000, 0.002411
Cube        ,D =3, db=1, M = 0.100000, 0.008175 s, 0.206126
Cube LIB       ,D =3, db=1, M = 0.100000, 0.599828
Sphere      ,D =3, db=1, M = 0.100000, 0.004199 s, 0.000960
Sphere LIB     ,D =3, db=1, M= 0.100000, 0.001135
ImpGreedy      ,D =3, db=1, M = 0.100000, 0.146190 s, 0.000954
ImpGreedy LIB       ,D =3, db=1, M = 0.100000, 0.001929
Cube        ,D =3, db=1, M = 0.100000, 0.008149 s, 0.217885
Cube LIB       ,D =3, db=1, M = 0.100000, 0.582896
Sphere      ,D =3, db=1, M = 0.100000, 0.004175 s, 0.000800
Sphere LIB     ,D =3, db=1, M= 0.100000, 0.000946
ImpGreedy      ,D =3, db=1, M = 0.100000, 0.144587 s, 0.000795
ImpGreedy LIB       ,D =3, db=1, M = 0.100000, 0.001607
Cube        ,D =3, db=1, M = 0.100000, 0.008184 s, 0.233168
Cube LIB       ,D =3, db=1, M = 0.100000, 0.549960
Sphere      ,D =3, db=1, M = 0.100000, 0.004007 s, 0.000686
Sphere LIB     ,D =3, db=1, M= 0.100000, 0.000811
ImpGreedy      ,D =3, db=1, M = 0.100000, 0.147704 s, 0.000682
ImpGreedy LIB       ,D =3, db=1, M = 0.100000, 0.001378
Cube        ,D =3, db=1, M = 0.100000, 0.008145 s, 0.239439
Cube LIB       ,D =3, db=1, M = 0.100000, 0.541288
Sphere      ,D =3, db=1, M = 0.100000, 0.003956 s, 0.000600
Sphere LIB     ,D =3, db=1, M= 0.100000, 0.000709
ImpGreedy      ,D =3, db=1, M = 0.100000, 0.149703 s, 0.000596
ImpGreedy LIB       ,D =3, db=1, M = 0.100000, 0.001205
Cube        ,D =3, db=1, M = 0.100000, 0.008138 s, 0.234576
Cube LIB       ,D =3, db=1, M = 0.100000, 0.528767
Sphere      ,D =3, db=1, M = 0.100000, 0.003889 s, 0.000582
Sphere LIB     ,D =3, db=1, M= 0.100000, 0.000637
ImpGreedy      ,D =3, db=1, M = 0.100000, 0.149672 s, 0.000586
ImpGreedy LIB       ,D =3, db=1, M = 0.100000, 0.001071
Cube        ,D =3, db=1, M = 0.100000, 0.008101 s, 0.240631
Cube LIB       ,D =3, db=1, M = 0.100000, 0.529163
Sphere      ,D =3, db=1, M = 0.100000, 0.003944 s, 0.000539
Sphere LIB     ,D =3, db=1, M= 0.100000, 0.000573
ImpGreedy      ,D =3, db=1, M = 0.100000, 0.152151 s, 0.000536
ImpGreedy LIB       ,D =3, db=1, M = 0.100000, 0.000964
Cube        ,D =4, db=2, M = 0.200000, 0.008016 s, 0.329170
Cube LIB       ,D =4, db=2, M = 0.200000, 0.335113
Sphere      ,D =4, db=2, M = 0.200000, 0.011368 s, 0.013861
Sphere LIB     ,D =4, db=2, M= 0.200000, 0.051430
ImpGreedy      ,D =4, db=2, M = 0.200000, 0.235362 s, 0.012607
ImpGreedy LIB       ,D =4, db=2, M = 0.200000, 0.069037
Cube        ,D =4, db=2, M = 0.200000, 0.008423 s, 0.321446
Cube LIB       ,D =4, db=2, M = 0.200000, 0.381506
Sphere      ,D =4, db=2, M = 0.200000, 0.010864 s, 0.010887
Sphere LIB     ,D =4, db=2, M= 0.200000, 0.038446
ImpGreedy      ,D =4, db=2, M = 0.200000, 0.218519 s, 0.011573
ImpGreedy LIB       ,D =4, db=2, M = 0.200000, 0.045641
Cube        ,D =4, db=2, M = 0.200000, 0.008566 s, 0.244696
Cube LIB       ,D =4, db=2, M = 0.200000, 0.341169
Sphere      ,D =4, db=2, M = 0.200000, 0.010097 s, 0.010547
Sphere LIB     ,D =4, db=2, M= 0.200000, 0.045058
ImpGreedy      ,D =4, db=2, M = 0.200000, 0.194808 s, 0.013233
ImpGreedy LIB       ,D =4, db=2, M = 0.200000, 0.052932
Cube        ,D =4, db=2, M = 0.200000, 0.008351 s, 0.244971
Cube LIB       ,D =4, db=2, M = 0.200000, 0.356145
Sphere      ,D =4, db=2, M = 0.200000, 0.009819 s, 0.010806
Sphere LIB     ,D =4, db=2, M= 0.200000, 0.042678
ImpGreedy      ,D =4, db=2, M = 0.200000, 0.204910 s, 0.012218
ImpGreedy LIB       ,D =4, db=2, M = 0.200000, 0.046523
Cube        ,D =4, db=2, M = 0.200000, 0.008359 s, 0.259841
Cube LIB       ,D =4, db=2, M = 0.200000, 0.395032
Sphere      ,D =4, db=2, M = 0.200000, 0.010106 s, 0.010520
Sphere LIB     ,D =4, db=2, M= 0.200000, 0.042069
ImpGreedy      ,D =4, db=2, M = 0.200000, 0.204925 s, 0.011231
ImpGreedy LIB       ,D =4, db=2, M = 0.200000, 0.043118
Cube        ,D =4, db=2, M = 0.200000, 0.008248 s, 0.267931
Cube LIB       ,D =4, db=2, M = 0.200000, 0.403101
Sphere      ,D =4, db=2, M = 0.200000, 0.010552 s, 0.009836
Sphere LIB     ,D =4, db=2, M= 0.200000, 0.039028
ImpGreedy      ,D =4, db=2, M = 0.200000, 0.207333 s, 0.010492
ImpGreedy LIB       ,D =4, db=2, M = 0.200000, 0.041141
Cube        ,D =4, db=2, M = 0.200000, 0.008209 s, 0.254132
Cube LIB       ,D =4, db=2, M = 0.200000, 0.429690
Sphere      ,D =4, db=2, M = 0.200000, 0.011096 s, 0.009688
Sphere LIB     ,D =4, db=2, M= 0.200000, 0.037180
ImpGreedy      ,D =4, db=2, M = 0.200000, 0.205163 s, 0.010433
ImpGreedy LIB       ,D =4, db=2, M = 0.200000, 0.037721
Cube        ,D =4, db=2, M = 0.200000, 0.008185 s, 0.259395
Cube LIB       ,D =4, db=2, M = 0.200000, 0.460653
Sphere      ,D =4, db=2, M = 0.200000, 0.011004 s, 0.009403
Sphere LIB     ,D =4, db=2, M= 0.200000, 0.034361
ImpGreedy      ,D =4, db=2, M = 0.200000, 0.205825 s, 0.009874
ImpGreedy LIB       ,D =4, db=2, M = 0.200000, 0.034430
Cube        ,D =4, db=2, M = 0.200000, 0.008188 s, 0.256734
Cube LIB       ,D =4, db=2, M = 0.200000, 0.462680
Sphere      ,D =4, db=2, M = 0.200000, 0.010839 s, 0.008958
Sphere LIB     ,D =4, db=2, M= 0.200000, 0.032779
ImpGreedy      ,D =4, db=2, M = 0.200000, 0.202234 s, 0.009322
ImpGreedy LIB       ,D =4, db=2, M = 0.200000, 0.031398
Cube        ,D =4, db=2, M = 0.200000, 0.008295 s, 0.251700
Cube LIB       ,D =4, db=2, M = 0.200000, 0.473174
Sphere      ,D =4, db=2, M = 0.200000, 0.010688 s, 0.008737
Sphere LIB     ,D =4, db=2, M= 0.200000, 0.030175
ImpGreedy      ,D =4, db=2, M = 0.200000, 0.200687 s, 0.008962
ImpGreedy LIB       ,D =4, db=2, M = 0.200000, 0.029012
Cube        ,D =5, db=2, M = 0.200000, 0.006520 s, 0.242428
Cube LIB       ,D =5, db=2, M = 0.200000, 0.782920
Sphere      ,D =5, db=2, M = 0.200000, 0.020478 s, 0.017348
Sphere LIB     ,D =5, db=2, M= 0.200000, 0.066488
ImpGreedy      ,D =5, db=2, M = 0.200000, 0.233990 s, 0.012256
ImpGreedy LIB       ,D =5, db=2, M = 0.200000, 0.064017
Cube        ,D =5, db=2, M = 0.200000, 0.006895 s, 0.280106
Cube LIB       ,D =5, db=2, M = 0.200000, 0.696597
Sphere      ,D =5, db=2, M = 0.200000, 0.027514 s, 0.021064
Sphere LIB     ,D =5, db=2, M= 0.200000, 0.113982
ImpGreedy      ,D =5, db=2, M = 0.200000, 0.248385 s, 0.015372
ImpGreedy LIB       ,D =5, db=2, M = 0.200000, 0.112915
Cube        ,D =5, db=2, M = 0.200000, 0.006773 s, 0.220749
Cube LIB       ,D =5, db=2, M = 0.200000, 0.636791
Sphere      ,D =5, db=2, M = 0.200000, 0.028596 s, 0.024728
Sphere LIB     ,D =5, db=2, M= 0.200000, 0.130340
ImpGreedy      ,D =5, db=2, M = 0.200000, 0.227854 s, 0.022099
ImpGreedy LIB       ,D =5, db=2, M = 0.200000, 0.146829
Cube        ,D =5, db=2, M = 0.200000, 0.006647 s, 0.222785
Cube LIB       ,D =5, db=2, M = 0.200000, 0.590907
Sphere      ,D =5, db=2, M = 0.200000, 0.029812 s, 0.025197
Sphere LIB     ,D =5, db=2, M= 0.200000, 0.131496
ImpGreedy      ,D =5, db=2, M = 0.200000, 0.241432 s, 0.022542
ImpGreedy LIB       ,D =5, db=2, M = 0.200000, 0.136172
Cube        ,D =5, db=2, M = 0.200000, 0.006571 s, 0.216074
Cube LIB       ,D =5, db=2, M = 0.200000, 0.553292
Sphere      ,D =5, db=2, M = 0.200000, 0.028604 s, 0.025072
Sphere LIB     ,D =5, db=2, M= 0.200000, 0.126396
ImpGreedy      ,D =5, db=2, M = 0.200000, 0.244035 s, 0.022212
ImpGreedy LIB       ,D =5, db=2, M = 0.200000, 0.129538
Cube        ,D =5, db=2, M = 0.200000, 0.006792 s, 0.202426
Cube LIB       ,D =5, db=2, M = 0.200000, 0.538245
Sphere      ,D =5, db=2, M = 0.200000, 0.029319 s, 0.024842
Sphere LIB     ,D =5, db=2, M= 0.200000, 0.120352
ImpGreedy      ,D =5, db=2, M = 0.200000, 0.246206 s, 0.021372
ImpGreedy LIB       ,D =5, db=2, M = 0.200000, 0.129128
Cube        ,D =5, db=2, M = 0.200000, 0.006962 s, 0.215174
Cube LIB       ,D =5, db=2, M = 0.200000, 0.528394
Sphere      ,D =5, db=2, M = 0.200000, 0.029213 s, 0.023193
Sphere LIB     ,D =5, db=2, M= 0.200000, 0.113632
ImpGreedy      ,D =5, db=2, M = 0.200000, 0.254384 s, 0.020007
ImpGreedy LIB       ,D =5, db=2, M = 0.200000, 0.120810
Cube        ,D =5, db=2, M = 0.200000, 0.006988 s, 0.213860
Cube LIB       ,D =5, db=2, M = 0.200000, 0.527011
Sphere      ,D =5, db=2, M = 0.200000, 0.029028 s, 0.023924
Sphere LIB     ,D =5, db=2, M= 0.200000, 0.114499
ImpGreedy      ,D =5, db=2, M = 0.200000, 0.248658 s, 0.021074
ImpGreedy LIB       ,D =5, db=2, M = 0.200000, 0.126330
Cube        ,D =5, db=2, M = 0.200000, 0.007020 s, 0.210647
Cube LIB       ,D =5, db=2, M = 0.200000, 0.524477
Sphere      ,D =5, db=2, M = 0.200000, 0.029541 s, 0.026184
Sphere LIB     ,D =5, db=2, M= 0.200000, 0.118507
ImpGreedy      ,D =5, db=2, M = 0.200000, 0.251314 s, 0.021602
ImpGreedy LIB       ,D =5, db=2, M = 0.200000, 0.123068
Cube        ,D =5, db=2, M = 0.200000, 0.006968 s, 0.217083
Cube LIB       ,D =5, db=2, M = 0.200000, 0.517745
Sphere      ,D =5, db=2, M = 0.200000, 0.029924 s, 0.027450
Sphere LIB     ,D =5, db=2, M= 0.200000, 0.122390
ImpGreedy      ,D =5, db=2, M = 0.200000, 0.256823 s, 0.022239
ImpGreedy LIB       ,D =5, db=2, M = 0.200000, 0.119674
Cube        ,D =6, db=3, M = 0.300000, 0.006659 s, 0.415727
Cube LIB       ,D =6, db=3, M = 0.300000, 0.429606
Sphere      ,D =6, db=3, M = 0.300000, 0.058971 s, 0.031209
Sphere LIB     ,D =6, db=3, M= 0.300000, 0.055054
ImpGreedy      ,D =6, db=3, M = 0.300000, 0.380491 s, 0.023910
ImpGreedy LIB       ,D =6, db=3, M = 0.300000, 0.100546
Cube        ,D =6, db=3, M = 0.300000, 0.006646 s, 0.389813
Cube LIB       ,D =6, db=3, M = 0.300000, 0.390861
Sphere      ,D =6, db=3, M = 0.300000, 0.072760 s, 0.036256
Sphere LIB     ,D =6, db=3, M= 0.300000, 0.127644
ImpGreedy      ,D =6, db=3, M = 0.300000, 0.393509 s, 0.034146
ImpGreedy LIB       ,D =6, db=3, M = 0.300000, 0.106963
Cube        ,D =6, db=3, M = 0.300000, 0.006625 s, 0.348848
Cube LIB       ,D =6, db=3, M = 0.300000, 0.369870
Sphere      ,D =6, db=3, M = 0.300000, 0.076994 s, 0.039852
Sphere LIB     ,D =6, db=3, M= 0.300000, 0.132874
ImpGreedy      ,D =6, db=3, M = 0.300000, 0.360498 s, 0.042261
ImpGreedy LIB       ,D =6, db=3, M = 0.300000, 0.122572
Cube        ,D =6, db=3, M = 0.300000, 0.006679 s, 0.344811
Cube LIB       ,D =6, db=3, M = 0.300000, 0.356850
Sphere      ,D =6, db=3, M = 0.300000, 0.073266 s, 0.044440
Sphere LIB     ,D =6, db=3, M= 0.300000, 0.147159
ImpGreedy      ,D =6, db=3, M = 0.300000, 0.372962 s, 0.041426
ImpGreedy LIB       ,D =6, db=3, M = 0.300000, 0.122271
Cube        ,D =6, db=3, M = 0.300000, 0.006661 s, 0.324112
Cube LIB       ,D =6, db=3, M = 0.300000, 0.384913
Sphere      ,D =6, db=3, M = 0.300000, 0.073717 s, 0.047189
Sphere LIB     ,D =6, db=3, M= 0.300000, 0.172216
ImpGreedy      ,D =6, db=3, M = 0.300000, 0.349651 s, 0.047054
ImpGreedy LIB       ,D =6, db=3, M = 0.300000, 0.169609
Cube        ,D =6, db=3, M = 0.300000, 0.006681 s, 0.321176
Cube LIB       ,D =6, db=3, M = 0.300000, 0.398816
Sphere      ,D =6, db=3, M = 0.300000, 0.072951 s, 0.050520
Sphere LIB     ,D =6, db=3, M= 0.300000, 0.189067
ImpGreedy      ,D =6, db=3, M = 0.300000, 0.348095 s, 0.048974
ImpGreedy LIB       ,D =6, db=3, M = 0.300000, 0.166910
Cube        ,D =6, db=3, M = 0.300000, 0.006671 s, 0.314937
Cube LIB       ,D =6, db=3, M = 0.300000, 0.408418
Sphere      ,D =6, db=3, M = 0.300000, 0.072441 s, 0.050220
Sphere LIB     ,D =6, db=3, M= 0.300000, 0.193682
ImpGreedy      ,D =6, db=3, M = 0.300000, 0.342585 s, 0.046825
ImpGreedy LIB       ,D =6, db=3, M = 0.300000, 0.161954
Cube        ,D =6, db=3, M = 0.300000, 0.006673 s, 0.308424
Cube LIB       ,D =6, db=3, M = 0.300000, 0.417484
Sphere      ,D =6, db=3, M = 0.300000, 0.072260 s, 0.047565
Sphere LIB     ,D =6, db=3, M= 0.300000, 0.180283
ImpGreedy      ,D =6, db=3, M = 0.300000, 0.336328 s, 0.044841
ImpGreedy LIB       ,D =6, db=3, M = 0.300000, 0.151637
Cube        ,D =6, db=3, M = 0.300000, 0.006690 s, 0.313903
Cube LIB       ,D =6, db=3, M = 0.300000, 0.399849
Sphere      ,D =6, db=3, M = 0.300000, 0.073158 s, 0.047592
Sphere LIB     ,D =6, db=3, M= 0.300000, 0.183613
ImpGreedy      ,D =6, db=3, M = 0.300000, 0.342263 s, 0.046446
ImpGreedy LIB       ,D =6, db=3, M = 0.300000, 0.167629
Cube        ,D =6, db=3, M = 0.300000, 0.006702 s, 0.308903
Cube LIB       ,D =6, db=3, M = 0.300000, 0.402505
Sphere      ,D =6, db=3, M = 0.300000, 0.072817 s, 0.047730
Sphere LIB     ,D =6, db=3, M= 0.300000, 0.180119
ImpGreedy      ,D =6, db=3, M = 0.300000, 0.340785 s, 0.046944
ImpGreedy LIB       ,D =6, db=3, M = 0.300000, 0.170133
Cube        ,D =7, db=3, M = 0.300000, 0.006668 s, 0.286825
Cube LIB       ,D =7, db=3, M = 0.300000, 0.390047
Sphere      ,D =7, db=3, M = 0.300000, 0.154563 s, 0.069695
Sphere LIB     ,D =7, db=3, M= 0.300000, 0.324536
ImpGreedy      ,D =7, db=3, M = 0.300000, 0.303368 s, 0.093265
ImpGreedy LIB       ,D =7, db=3, M = 0.300000, 0.424694
Cube        ,D =7, db=3, M = 0.300000, 0.006608 s, 0.329162
Cube LIB       ,D =7, db=3, M = 0.300000, 0.349393
Sphere      ,D =7, db=3, M = 0.300000, 0.172938 s, 0.078373
Sphere LIB     ,D =7, db=3, M= 0.300000, 0.346300
ImpGreedy      ,D =7, db=3, M = 0.300000, 0.373130 s, 0.090350
ImpGreedy LIB       ,D =7, db=3, M = 0.300000, 0.418089
Cube        ,D =7, db=3, M = 0.300000, 0.006579 s, 0.325900
Cube LIB       ,D =7, db=3, M = 0.300000, 0.388460
Sphere      ,D =7, db=3, M = 0.300000, 0.166899 s, 0.072354
Sphere LIB     ,D =7, db=3, M= 0.300000, 0.294375
ImpGreedy      ,D =7, db=3, M = 0.300000, 0.392474 s, 0.075194
ImpGreedy LIB       ,D =7, db=3, M = 0.300000, 0.339572
Cube        ,D =7, db=3, M = 0.300000, 0.006562 s, 0.327499
Cube LIB       ,D =7, db=3, M = 0.300000, 0.375305
Sphere      ,D =7, db=3, M = 0.300000, 0.173947 s, 0.078686
Sphere LIB     ,D =7, db=3, M= 0.300000, 0.321953
ImpGreedy      ,D =7, db=3, M = 0.300000, 0.395090 s, 0.079424
ImpGreedy LIB       ,D =7, db=3, M = 0.300000, 0.345482
Cube        ,D =7, db=3, M = 0.300000, 0.006552 s, 0.329625
Cube LIB       ,D =7, db=3, M = 0.300000, 0.387165
Sphere      ,D =7, db=3, M = 0.300000, 0.169935 s, 0.082339
Sphere LIB     ,D =7, db=3, M= 0.300000, 0.363308
ImpGreedy      ,D =7, db=3, M = 0.300000, 0.389853 s, 0.086592
ImpGreedy LIB       ,D =7, db=3, M = 0.300000, 0.369292
Cube        ,D =7, db=3, M = 0.300000, 0.006543 s, 0.324123
Cube LIB       ,D =7, db=3, M = 0.300000, 0.410678
Sphere      ,D =7, db=3, M = 0.300000, 0.175338 s, 0.085645
Sphere LIB     ,D =7, db=3, M= 0.300000, 0.356634
ImpGreedy      ,D =7, db=3, M = 0.300000, 0.379906 s, 0.083852
ImpGreedy LIB       ,D =7, db=3, M = 0.300000, 0.358521
Cube        ,D =7, db=3, M = 0.300000, 0.006545 s, 0.334311
Cube LIB       ,D =7, db=3, M = 0.300000, 0.415881
Sphere      ,D =7, db=3, M = 0.300000, 0.175397 s, 0.085885
Sphere LIB     ,D =7, db=3, M= 0.300000, 0.365589
ImpGreedy      ,D =7, db=3, M = 0.300000, 0.375886 s, 0.087060
ImpGreedy LIB       ,D =7, db=3, M = 0.300000, 0.374696
Cube        ,D =7, db=3, M = 0.300000, 0.006545 s, 0.336561
Cube LIB       ,D =7, db=3, M = 0.300000, 0.430792
Sphere      ,D =7, db=3, M = 0.300000, 0.176341 s, 0.084409
Sphere LIB     ,D =7, db=3, M= 0.300000, 0.351860
ImpGreedy      ,D =7, db=3, M = 0.300000, 0.375572 s, 0.088144
ImpGreedy LIB       ,D =7, db=3, M = 0.300000, 0.383157
Cube        ,D =7, db=3, M = 0.300000, 0.006545 s, 0.345319
Cube LIB       ,D =7, db=3, M = 0.300000, 0.419708
Sphere      ,D =7, db=3, M = 0.300000, 0.178711 s, 0.083189
Sphere LIB     ,D =7, db=3, M= 0.300000, 0.350072
ImpGreedy      ,D =7, db=3, M = 0.300000, 0.386249 s, 0.091200
ImpGreedy LIB       ,D =7, db=3, M = 0.300000, 0.399361
Cube        ,D =7, db=3, M = 0.300000, 0.006546 s, 0.346942
Cube LIB       ,D =7, db=3, M = 0.300000, 0.418468
Sphere      ,D =7, db=3, M = 0.300000, 0.175896 s, 0.083837
Sphere LIB     ,D =7, db=3, M= 0.300000, 0.361644
ImpGreedy      ,D =7, db=3, M = 0.300000, 0.391265 s, 0.088904
ImpGreedy LIB       ,D =7, db=3, M = 0.300000, 0.382986
Cube        ,D =8, db=4, M = 0.400000, 0.006534 s, 0.317189
Cube LIB       ,D =8, db=4, M = 0.400000, 0.371747
Sphere      ,D =8, db=4, M = 0.400000, 0.305143 s, 0.106035
Sphere LIB     ,D =8, db=4, M= 0.400000, 0.311425
ImpGreedy      ,D =8, db=4, M = 0.400000, 0.372398 s, 0.105426
ImpGreedy LIB       ,D =8, db=4, M = 0.400000, 0.464905
Cube        ,D =8, db=4, M = 0.400000, 0.006521 s, 0.322084
Cube LIB       ,D =8, db=4, M = 0.400000, 0.388593
Sphere      ,D =8, db=4, M = 0.400000, 0.270722 s, 0.096415
Sphere LIB     ,D =8, db=4, M= 0.400000, 0.346639
ImpGreedy      ,D =8, db=4, M = 0.400000, 0.385078 s, 0.096050
ImpGreedy LIB       ,D =8, db=4, M = 0.400000, 0.380605
Cube        ,D =8, db=4, M = 0.400000, 0.006513 s, 0.348031
Cube LIB       ,D =8, db=4, M = 0.400000, 0.357734
Sphere      ,D =8, db=4, M = 0.400000, 0.289614 s, 0.099989
Sphere LIB     ,D =8, db=4, M= 0.400000, 0.308161
ImpGreedy      ,D =8, db=4, M = 0.400000, 0.441324 s, 0.094471
ImpGreedy LIB       ,D =8, db=4, M = 0.400000, 0.341135
Cube        ,D =8, db=4, M = 0.400000, 0.006516 s, 0.344970
Cube LIB       ,D =8, db=4, M = 0.400000, 0.368524
Sphere      ,D =8, db=4, M = 0.400000, 0.293292 s, 0.093140
Sphere LIB     ,D =8, db=4, M= 0.400000, 0.314115
ImpGreedy      ,D =8, db=4, M = 0.400000, 0.428856 s, 0.089599
ImpGreedy LIB       ,D =8, db=4, M = 0.400000, 0.336537
Cube        ,D =8, db=4, M = 0.400000, 0.006512 s, 0.339000
Cube LIB       ,D =8, db=4, M = 0.400000, 0.369901
Sphere      ,D =8, db=4, M = 0.400000, 0.300584 s, 0.095259
Sphere LIB     ,D =8, db=4, M= 0.400000, 0.316274
ImpGreedy      ,D =8, db=4, M = 0.400000, 0.432077 s, 0.088780
ImpGreedy LIB       ,D =8, db=4, M = 0.400000, 0.345297
Cube        ,D =8, db=4, M = 0.400000, 0.006520 s, 0.337850
Cube LIB       ,D =8, db=4, M = 0.400000, 0.385447
Sphere      ,D =8, db=4, M = 0.400000, 0.305607 s, 0.091973
Sphere LIB     ,D =8, db=4, M= 0.400000, 0.311723
ImpGreedy      ,D =8, db=4, M = 0.400000, 0.424959 s, 0.087608
ImpGreedy LIB       ,D =8, db=4, M = 0.400000, 0.328410
Cube        ,D =8, db=4, M = 0.400000, 0.006512 s, 0.349873
Cube LIB       ,D =8, db=4, M = 0.400000, 0.380347
Sphere      ,D =8, db=4, M = 0.400000, 0.306129 s, 0.093535
Sphere LIB     ,D =8, db=4, M= 0.400000, 0.311116
ImpGreedy      ,D =8, db=4, M = 0.400000, 0.433713 s, 0.091070
ImpGreedy LIB       ,D =8, db=4, M = 0.400000, 0.323385
Cube        ,D =8, db=4, M = 0.400000, 0.006508 s, 0.338310
Cube LIB       ,D =8, db=4, M = 0.400000, 0.384460
Sphere      ,D =8, db=4, M = 0.400000, 0.307439 s, 0.095065
Sphere LIB     ,D =8, db=4, M= 0.400000, 0.325133
ImpGreedy      ,D =8, db=4, M = 0.400000, 0.419479 s, 0.093123
ImpGreedy LIB       ,D =8, db=4, M = 0.400000, 0.331598
Cube        ,D =8, db=4, M = 0.400000, 0.006523 s, 0.341591
Cube LIB       ,D =8, db=4, M = 0.400000, 0.388869
Sphere      ,D =8, db=4, M = 0.400000, 0.319894 s, 0.094132
Sphere LIB     ,D =8, db=4, M= 0.400000, 0.318400
ImpGreedy      ,D =8, db=4, M = 0.400000, 0.423635 s, 0.094681
ImpGreedy LIB       ,D =8, db=4, M = 0.400000, 0.331878
Cube        ,D =8, db=4, M = 0.400000, 0.006520 s, 0.344392
Cube LIB       ,D =8, db=4, M = 0.400000, 0.388619
Sphere      ,D =8, db=4, M = 0.400000, 0.319485 s, 0.093321
Sphere LIB     ,D =8, db=4, M= 0.400000, 0.317472
ImpGreedy      ,D =8, db=4, M = 0.400000, 0.420752 s, 0.097769
ImpGreedy LIB       ,D =8, db=4, M = 0.400000, 0.350064
Cube        ,D =9, db=4, M = 0.400000, 0.006362 s, 0.394593
Cube LIB       ,D =9, db=4, M = 0.400000, 0.391330
Sphere      ,D =9, db=4, M = 0.400000, 0.495715 s, 0.113091
Sphere LIB     ,D =9, db=4, M= 0.400000, 0.444243
ImpGreedy      ,D =9, db=4, M = 0.400000, 0.411101 s, 0.170560
ImpGreedy LIB       ,D =9, db=4, M = 0.400000, 0.610501
Cube        ,D =9, db=4, M = 0.400000, 0.006335 s, 0.347007
Cube LIB       ,D =9, db=4, M = 0.400000, 0.384313
Sphere      ,D =9, db=4, M = 0.400000, 0.494661 s, 0.111510
Sphere LIB     ,D =9, db=4, M= 0.400000, 0.443096
ImpGreedy      ,D =9, db=4, M = 0.400000, 0.400523 s, 0.146178
ImpGreedy LIB       ,D =9, db=4, M = 0.400000, 0.537623
Cube        ,D =9, db=4, M = 0.400000, 0.006361 s, 0.359462
Cube LIB       ,D =9, db=4, M = 0.400000, 0.377828
Sphere      ,D =9, db=4, M = 0.400000, 0.485040 s, 0.105205
Sphere LIB     ,D =9, db=4, M= 0.400000, 0.390111
ImpGreedy      ,D =9, db=4, M = 0.400000, 0.421055 s, 0.135112
ImpGreedy LIB       ,D =9, db=4, M = 0.400000, 0.508903
Cube        ,D =9, db=4, M = 0.400000, 0.006356 s, 0.349243
Cube LIB       ,D =9, db=4, M = 0.400000, 0.385862
Sphere      ,D =9, db=4, M = 0.400000, 0.499400 s, 0.112033
Sphere LIB     ,D =9, db=4, M= 0.400000, 0.392812
ImpGreedy      ,D =9, db=4, M = 0.400000, 0.423567 s, 0.129753
ImpGreedy LIB       ,D =9, db=4, M = 0.400000, 0.495663
Cube        ,D =9, db=4, M = 0.400000, 0.006357 s, 0.324637
Cube LIB       ,D =9, db=4, M = 0.400000, 0.391593
Sphere      ,D =9, db=4, M = 0.400000, 0.504197 s, 0.107977
Sphere LIB     ,D =9, db=4, M= 0.400000, 0.405588
ImpGreedy      ,D =9, db=4, M = 0.400000, 0.403747 s, 0.127019
ImpGreedy LIB       ,D =9, db=4, M = 0.400000, 0.503533
Cube        ,D =9, db=4, M = 0.400000, 0.006356 s, 0.332411
Cube LIB       ,D =9, db=4, M = 0.400000, 0.390604
Sphere      ,D =9, db=4, M = 0.400000, 0.506136 s, 0.107067
Sphere LIB     ,D =9, db=4, M= 0.400000, 0.407388
ImpGreedy      ,D =9, db=4, M = 0.400000, 0.428343 s, 0.125101
ImpGreedy LIB       ,D =9, db=4, M = 0.400000, 0.483474
Cube        ,D =9, db=4, M = 0.400000, 0.006358 s, 0.329566
Cube LIB       ,D =9, db=4, M = 0.400000, 0.381618
Sphere      ,D =9, db=4, M = 0.400000, 0.504391 s, 0.107886
Sphere LIB     ,D =9, db=4, M= 0.400000, 0.415092
ImpGreedy      ,D =9, db=4, M = 0.400000, 0.423812 s, 0.131435
ImpGreedy LIB       ,D =9, db=4, M = 0.400000, 0.499447
Cube        ,D =9, db=4, M = 0.400000, 0.006351 s, 0.330979
Cube LIB       ,D =9, db=4, M = 0.400000, 0.373544
Sphere      ,D =9, db=4, M = 0.400000, 0.509203 s, 0.107458
Sphere LIB     ,D =9, db=4, M= 0.400000, 0.411236
ImpGreedy      ,D =9, db=4, M = 0.400000, 0.423716 s, 0.132048
ImpGreedy LIB       ,D =9, db=4, M = 0.400000, 0.492840
Cube        ,D =9, db=4, M = 0.400000, 0.006355 s, 0.336531
Cube LIB       ,D =9, db=4, M = 0.400000, 0.369635
Sphere      ,D =9, db=4, M = 0.400000, 0.513111 s, 0.108139
Sphere LIB     ,D =9, db=4, M= 0.400000, 0.421293
ImpGreedy      ,D =9, db=4, M = 0.400000, 0.431564 s, 0.138247
ImpGreedy LIB       ,D =9, db=4, M = 0.400000, 0.507951
Cube        ,D =9, db=4, M = 0.400000, 0.006348 s, 0.335860
Cube LIB       ,D =9, db=4, M = 0.400000, 0.365824
Sphere      ,D =9, db=4, M = 0.400000, 0.515012 s, 0.106990
Sphere LIB     ,D =9, db=4, M= 0.400000, 0.412929
ImpGreedy      ,D =9, db=4, M = 0.400000, 0.433027 s, 0.135232
ImpGreedy LIB       ,D =9, db=4, M = 0.400000, 0.487213
Cube        ,D =10, db=5, M = 0.500000, 0.006338 s, 0.394879
Cube LIB       ,D =10, db=5, M = 0.500000, 0.333133
Sphere      ,D =10, db=5, M = 0.500000, 0.777619 s, 0.113484
Sphere LIB     ,D =10, db=5, M= 0.500000, 0.407198
ImpGreedy      ,D =10, db=5, M = 0.500000, 0.527156 s, 0.166705
ImpGreedy LIB       ,D =10, db=5, M = 0.500000, 0.545930
Cube        ,D =10, db=5, M = 0.500000, 0.006287 s, 0.374374
Cube LIB       ,D =10, db=5, M = 0.500000, 0.318199
Sphere      ,D =10, db=5, M = 0.500000, 0.812735 s, 0.122595
Sphere LIB     ,D =10, db=5, M= 0.500000, 0.414661
ImpGreedy      ,D =10, db=5, M = 0.500000, 0.497137 s, 0.165967
ImpGreedy LIB       ,D =10, db=5, M = 0.500000, 0.546830
Cube        ,D =10, db=5, M = 0.500000, 0.006283 s, 0.383573
Cube LIB       ,D =10, db=5, M = 0.500000, 0.306809
Sphere      ,D =10, db=5, M = 0.500000, 0.764908 s, 0.114783
Sphere LIB     ,D =10, db=5, M= 0.500000, 0.363987
ImpGreedy      ,D =10, db=5, M = 0.500000, 0.482804 s, 0.159586
ImpGreedy LIB       ,D =10, db=5, M = 0.500000, 0.520524
Cube        ,D =10, db=5, M = 0.500000, 0.006287 s, 0.377829
Cube LIB       ,D =10, db=5, M = 0.500000, 0.327512
Sphere      ,D =10, db=5, M = 0.500000, 0.762976 s, 0.123166
Sphere LIB     ,D =10, db=5, M= 0.500000, 0.354603
ImpGreedy      ,D =10, db=5, M = 0.500000, 0.495895 s, 0.159200
ImpGreedy LIB       ,D =10, db=5, M = 0.500000, 0.526722
Cube        ,D =10, db=5, M = 0.500000, 0.006276 s, 0.350656
Cube LIB       ,D =10, db=5, M = 0.500000, 0.333188
Sphere      ,D =10, db=5, M = 0.500000, 0.768381 s, 0.119217
Sphere LIB     ,D =10, db=5, M= 0.500000, 0.344983
ImpGreedy      ,D =10, db=5, M = 0.500000, 0.478496 s, 0.150693
ImpGreedy LIB       ,D =10, db=5, M = 0.500000, 0.486615
Cube        ,D =10, db=5, M = 0.500000, 0.006283 s, 0.347787
Cube LIB       ,D =10, db=5, M = 0.500000, 0.336439
Sphere      ,D =10, db=5, M = 0.500000, 0.754878 s, 0.120028
Sphere LIB     ,D =10, db=5, M= 0.500000, 0.341357
ImpGreedy      ,D =10, db=5, M = 0.500000, 0.480621 s, 0.150939
ImpGreedy LIB       ,D =10, db=5, M = 0.500000, 0.488095
Cube        ,D =10, db=5, M = 0.500000, 0.006293 s, 0.351787
Cube LIB       ,D =10, db=5, M = 0.500000, 0.338930
Sphere      ,D =10, db=5, M = 0.500000, 0.760867 s, 0.124451
Sphere LIB     ,D =10, db=5, M= 0.500000, 0.361169
ImpGreedy      ,D =10, db=5, M = 0.500000, 0.481579 s, 0.154462
ImpGreedy LIB       ,D =10, db=5, M = 0.500000, 0.491026
Cube        ,D =10, db=5, M = 0.500000, 0.006289 s, 0.347243
Cube LIB       ,D =10, db=5, M = 0.500000, 0.344274
Sphere      ,D =10, db=5, M = 0.500000, 0.766430 s, 0.123370
Sphere LIB     ,D =10, db=5, M= 0.500000, 0.379093
ImpGreedy      ,D =10, db=5, M = 0.500000, 0.474848 s, 0.153985
ImpGreedy LIB       ,D =10, db=5, M = 0.500000, 0.474165
Cube        ,D =10, db=5, M = 0.500000, 0.006284 s, 0.336153
Cube LIB       ,D =10, db=5, M = 0.500000, 0.347579
Sphere      ,D =10, db=5, M = 0.500000, 0.769555 s, 0.123525
Sphere LIB     ,D =10, db=5, M= 0.500000, 0.369462
ImpGreedy      ,D =10, db=5, M = 0.500000, 0.461964 s, 0.151195
ImpGreedy LIB       ,D =10, db=5, M = 0.500000, 0.481078
Cube        ,D =10, db=5, M = 0.500000, 0.006288 s, 0.340493
Cube LIB       ,D =10, db=5, M = 0.500000, 0.351896
Sphere      ,D =10, db=5, M = 0.500000, 0.766970 s, 0.123451
Sphere LIB     ,D =10, db=5, M= 0.500000, 0.368264
ImpGreedy      ,D =10, db=5, M = 0.500000, 0.468033 s, 0.151402
ImpGreedy LIB       ,D =10, db=5, M = 0.500000, 0.474704
