Cube        , n=100, 0.184506
Cube LIB       , n=100, 0.180520
Sphere      , n=100 0.000000
Sphere LIB     , n=100, 0.000000
ImpGreedy      , n=100, 0.000000
ImpGreedy LIB       , n=100, 0.000000
Cube        , n=100, 0.195476
Cube LIB       , n=100, 0.214441
Sphere      , n=100 0.000000
Sphere LIB     , n=100, 0.000000
ImpGreedy      , n=100, 0.000000
ImpGreedy LIB       , n=100, 0.000000
Cube        , n=100, 0.152973
Cube LIB       , n=100, 0.241336
Sphere      , n=100 0.000000
Sphere LIB     , n=100, 0.000000
ImpGreedy      , n=100, 0.000000
ImpGreedy LIB       , n=100, 0.000000
Cube        , n=100, 0.146783
Cube LIB       , n=100, 0.250784
Sphere      , n=100 0.000000
Sphere LIB     , n=100, 0.000000
ImpGreedy      , n=100, 0.000000
ImpGreedy LIB       , n=100, 0.000000
Cube        , n=100, 0.169865
Cube LIB       , n=100, 0.260977
Sphere      , n=100 0.000000
Sphere LIB     , n=100, 0.000000
ImpGreedy      , n=100, 0.000000
ImpGreedy LIB       , n=100, 0.000000
Cube        , n=100, 0.176378
Cube LIB       , n=100, 0.271678
Sphere      , n=100 0.000000
Sphere LIB     , n=100, 0.000000
ImpGreedy      , n=100, 0.000000
ImpGreedy LIB       , n=100, 0.000000
Cube        , n=100, 0.181008
Cube LIB       , n=100, 0.276401
Sphere      , n=100 0.000000
Sphere LIB     , n=100, 0.000000
ImpGreedy      , n=100, 0.000000
ImpGreedy LIB       , n=100, 0.000000
Cube        , n=100, 0.183322
Cube LIB       , n=100, 0.275283
Sphere      , n=100 0.000000
Sphere LIB     , n=100, 0.000000
ImpGreedy      , n=100, 0.000000
ImpGreedy LIB       , n=100, 0.000000
Cube        , n=100, 0.193376
Cube LIB       , n=100, 0.281097
Sphere      , n=100 0.000000
Sphere LIB     , n=100, 0.000000
ImpGreedy      , n=100, 0.000000
ImpGreedy LIB       , n=100, 0.000000
Cube        , n=100, 0.185133
Cube LIB       , n=100, 0.287747
Sphere      , n=100 0.000000
Sphere LIB     , n=100, 0.000000
ImpGreedy      , n=100, 0.000000
ImpGreedy LIB       , n=100, 0.000000
Cube        , n=1000, 0.316921
Cube LIB       , n=1000, 0.494349
Sphere      , n=1000 0.000000
Sphere LIB     , n=1000, 0.000000
ImpGreedy      , n=1000, 0.000000
ImpGreedy LIB       , n=1000, 0.000000
Cube        , n=1000, 0.230624
Cube LIB       , n=1000, 0.474045
Sphere      , n=1000 0.000000
Sphere LIB     , n=1000, 0.000000
ImpGreedy      , n=1000, 0.000000
ImpGreedy LIB       , n=1000, 0.000000
Cube        , n=1000, 0.231328
Cube LIB       , n=1000, 0.448613
Sphere      , n=1000 0.002188
Sphere LIB     , n=1000, 0.000000
ImpGreedy      , n=1000, 0.000000
ImpGreedy LIB       , n=1000, 0.000385
Cube        , n=1000, 0.234863
Cube LIB       , n=1000, 0.416814
Sphere      , n=1000 0.004387
Sphere LIB     , n=1000, 0.006416
ImpGreedy      , n=1000, 0.004097
ImpGreedy LIB       , n=1000, 0.011790
Cube        , n=1000, 0.236648
Cube LIB       , n=1000, 0.409479
Sphere      , n=1000 0.003770
Sphere LIB     , n=1000, 0.006986
ImpGreedy      , n=1000, 0.003691
ImpGreedy LIB       , n=1000, 0.009790
Cube        , n=1000, 0.230769
Cube LIB       , n=1000, 0.402983
Sphere      , n=1000 0.003142
Sphere LIB     , n=1000, 0.005822
ImpGreedy      , n=1000, 0.003076
ImpGreedy LIB       , n=1000, 0.008158
Cube        , n=1000, 0.235951
Cube LIB       , n=1000, 0.411126
Sphere      , n=1000 0.003324
Sphere LIB     , n=1000, 0.007997
ImpGreedy      , n=1000, 0.003085
ImpGreedy LIB       , n=1000, 0.007796
Cube        , n=1000, 0.240645
Cube LIB       , n=1000, 0.411901
Sphere      , n=1000 0.003386
Sphere LIB     , n=1000, 0.008177
ImpGreedy      , n=1000, 0.002845
ImpGreedy LIB       , n=1000, 0.010362
Cube        , n=1000, 0.225457
Cube LIB       , n=1000, 0.423524
Sphere      , n=1000 0.003010
Sphere LIB     , n=1000, 0.007269
ImpGreedy      , n=1000, 0.002529
ImpGreedy LIB       , n=1000, 0.009211
Cube        , n=1000, 0.226249
Cube LIB       , n=1000, 0.415145
Sphere      , n=1000 0.004111
Sphere LIB     , n=1000, 0.011119
ImpGreedy      , n=1000, 0.003389
ImpGreedy LIB       , n=1000, 0.010883
Cube        , n=10000, 0.275353
Cube LIB       , n=10000, 0.447004
Sphere      , n=10000 0.007878
Sphere LIB     , n=10000, 0.010524
ImpGreedy      , n=10000, 0.004058
ImpGreedy LIB       , n=10000, 0.007283
Cube        , n=10000, 0.280584
Cube LIB       , n=10000, 0.440278
Sphere      , n=10000 0.005989
Sphere LIB     , n=10000, 0.010974
ImpGreedy      , n=10000, 0.003948
ImpGreedy LIB       , n=10000, 0.010192
Cube        , n=10000, 0.282743
Cube LIB       , n=10000, 0.436229
Sphere      , n=10000 0.004220
Sphere LIB     , n=10000, 0.008422
ImpGreedy      , n=10000, 0.003163
ImpGreedy LIB       , n=10000, 0.007186
Cube        , n=10000, 0.271098
Cube LIB       , n=10000, 0.437143
Sphere      , n=10000 0.004690
Sphere LIB     , n=10000, 0.008165
ImpGreedy      , n=10000, 0.003995
ImpGreedy LIB       , n=10000, 0.007215
Cube        , n=10000, 0.257619
Cube LIB       , n=10000, 0.447574
Sphere      , n=10000 0.005532
Sphere LIB     , n=10000, 0.009664
ImpGreedy      , n=10000, 0.004962
ImpGreedy LIB       , n=10000, 0.009218
Cube        , n=10000, 0.250940
Cube LIB       , n=10000, 0.440556
Sphere      , n=10000 0.005926
Sphere LIB     , n=10000, 0.010458
ImpGreedy      , n=10000, 0.004949
ImpGreedy LIB       , n=10000, 0.010660
Cube        , n=10000, 0.246921
Cube LIB       , n=10000, 0.447344
Sphere      , n=10000 0.006617
Sphere LIB     , n=10000, 0.017925
ImpGreedy      , n=10000, 0.005875
ImpGreedy LIB       , n=10000, 0.018697
Cube        , n=10000, 0.239694
Cube LIB       , n=10000, 0.453814
Sphere      , n=10000 0.006996
Sphere LIB     , n=10000, 0.020396
ImpGreedy      , n=10000, 0.006839
ImpGreedy LIB       , n=10000, 0.021612
Cube        , n=10000, 0.239864
Cube LIB       , n=10000, 0.454321
Sphere      , n=10000 0.006846
Sphere LIB     , n=10000, 0.019193
ImpGreedy      , n=10000, 0.006551
ImpGreedy LIB       , n=10000, 0.019979
Cube        , n=10000, 0.242773
Cube LIB       , n=10000, 0.457916
Sphere      , n=10000 0.006486
Sphere LIB     , n=10000, 0.017943
ImpGreedy      , n=10000, 0.006018
ImpGreedy LIB       , n=10000, 0.018522
Cube        , n=100000, 0.264033
Cube LIB       , n=100000, 0.505389
Sphere      , n=100000 0.007387
Sphere LIB     , n=100000, 0.055599
ImpGreedy      , n=100000, 0.007334
ImpGreedy LIB       , n=100000, 0.051135
Cube        , n=100000, 0.270182
Cube LIB       , n=100000, 0.515139
Sphere      , n=100000 0.007975
Sphere LIB     , n=100000, 0.043161
ImpGreedy      , n=100000, 0.010138
ImpGreedy LIB       , n=100000, 0.068253
Cube        , n=100000, 0.295126
Cube LIB       , n=100000, 0.491969
Sphere      , n=100000 0.009347
Sphere LIB     , n=100000, 0.049615
ImpGreedy      , n=100000, 0.011010
ImpGreedy LIB       , n=100000, 0.067875
Cube        , n=100000, 0.292284
Cube LIB       , n=100000, 0.509429
Sphere      , n=100000 0.008566
Sphere LIB     , n=100000, 0.041390
ImpGreedy      , n=100000, 0.009751
ImpGreedy LIB       , n=100000, 0.054441
Cube        , n=100000, 0.284453
Cube LIB       , n=100000, 0.513836
Sphere      , n=100000 0.009290
Sphere LIB     , n=100000, 0.040217
ImpGreedy      , n=100000, 0.010108
ImpGreedy LIB       , n=100000, 0.050275
Cube        , n=100000, 0.272389
Cube LIB       , n=100000, 0.512864
Sphere      , n=100000 0.008841
Sphere LIB     , n=100000, 0.038587
ImpGreedy      , n=100000, 0.009543
ImpGreedy LIB       , n=100000, 0.046744
Cube        , n=100000, 0.279689
Cube LIB       , n=100000, 0.518141
Sphere      , n=100000 0.008210
Sphere LIB     , n=100000, 0.034636
ImpGreedy      , n=100000, 0.008481
ImpGreedy LIB       , n=100000, 0.040729
Cube        , n=100000, 0.291140
Cube LIB       , n=100000, 0.501749
Sphere      , n=100000 0.008135
Sphere LIB     , n=100000, 0.032205
ImpGreedy      , n=100000, 0.008331
ImpGreedy LIB       , n=100000, 0.037066
Cube        , n=100000, 0.285798
Cube LIB       , n=100000, 0.502685
Sphere      , n=100000 0.008135
Sphere LIB     , n=100000, 0.030441
ImpGreedy      , n=100000, 0.008466
ImpGreedy LIB       , n=100000, 0.036824
Cube        , n=100000, 0.286795
Cube LIB       , n=100000, 0.500512
Sphere      , n=100000 0.007830
Sphere LIB     , n=100000, 0.028935
ImpGreedy      , n=100000, 0.008113
ImpGreedy LIB       , n=100000, 0.034546
Cube        , n=1000000, 0.327580
Cube LIB       , n=1000000, 0.493096
Sphere      , n=1000000 0.006297
Sphere LIB     , n=1000000, 0.012651
ImpGreedy      , n=1000000, 0.006309
ImpGreedy LIB       , n=1000000, 0.015699
Cube        , n=1000000, 0.283614
Cube LIB       , n=1000000, 0.539641
Sphere      , n=1000000 0.006091
Sphere LIB     , n=1000000, 0.013859
ImpGreedy      , n=1000000, 0.006190
ImpGreedy LIB       , n=1000000, 0.022227
Cube        , n=1000000, 0.296250
Cube LIB       , n=1000000, 0.542502
Sphere      , n=1000000 0.005573
Sphere LIB     , n=1000000, 0.014359
ImpGreedy      , n=1000000, 0.005864
ImpGreedy LIB       , n=1000000, 0.020967
Cube        , n=1000000, 0.297153
Cube LIB       , n=1000000, 0.520417
Sphere      , n=1000000 0.006273
Sphere LIB     , n=1000000, 0.017294
ImpGreedy      , n=1000000, 0.005698
ImpGreedy LIB       , n=1000000, 0.019958
Cube        , n=1000000, 0.280759
Cube LIB       , n=1000000, 0.513936
Sphere      , n=1000000 0.006340
Sphere LIB     , n=1000000, 0.017257
ImpGreedy      , n=1000000, 0.006237
ImpGreedy LIB       , n=1000000, 0.020889
Cube        , n=1000000, 0.268472
Cube LIB       , n=1000000, 0.528056
Sphere      , n=1000000 0.005881
Sphere LIB     , n=1000000, 0.016839
ImpGreedy      , n=1000000, 0.006028
ImpGreedy LIB       , n=1000000, 0.022069
Cube        , n=1000000, 0.277246
Cube LIB       , n=1000000, 0.521371
Sphere      , n=1000000 0.006386
Sphere LIB     , n=1000000, 0.019534
ImpGreedy      , n=1000000, 0.006044
ImpGreedy LIB       , n=1000000, 0.021372
Cube        , n=1000000, 0.260270
Cube LIB       , n=1000000, 0.514130
Sphere      , n=1000000 0.006311
Sphere LIB     , n=1000000, 0.019598
ImpGreedy      , n=1000000, 0.006131
ImpGreedy LIB       , n=1000000, 0.022714
Cube        , n=1000000, 0.253448
Cube LIB       , n=1000000, 0.514084
Sphere      , n=1000000 0.006445
Sphere LIB     , n=1000000, 0.019433
ImpGreedy      , n=1000000, 0.006430
ImpGreedy LIB       , n=1000000, 0.022948
Cube        , n=1000000, 0.259933
Cube LIB       , n=1000000, 0.511754
Sphere      , n=1000000 0.006177
Sphere LIB     , n=1000000, 0.018565
ImpGreedy      , n=1000000, 0.006297
ImpGreedy LIB       , n=1000000, 0.022228
