Cube        ,K =10, n=10000, 0.003986 s, 0.316454
Cube LIB       ,K =10, n=10000, 0.335666
Sphere      ,K =10, n=10000, 0.009005 s, 0.078935
Sphere LIB     ,K =10, n=10000, 0.424481
ImpGreedy      ,K =10, n=10000, 0.211308 s, 0.036136
ImpGreedy LIB       ,K =10, n=10000, 0.146393
Cube        ,K =10, n=10000, 0.003791 s, 0.298356
Cube LIB       ,K =10, n=10000, 0.376046
Sphere      ,K =10, n=10000, 0.008514 s, 0.049518
Sphere LIB     ,K =10, n=10000, 0.225787
ImpGreedy      ,K =10, n=10000, 0.095386 s, 0.029353
ImpGreedy LIB       ,K =10, n=10000, 0.087130
Cube        ,K =10, n=10000, 0.003812 s, 0.228920
Cube LIB       ,K =10, n=10000, 0.341165
Sphere      ,K =10, n=10000, 0.007520 s, 0.047449
Sphere LIB     ,K =10, n=10000, 0.206272
ImpGreedy      ,K =10, n=10000, 0.042803 s, 0.035638
ImpGreedy LIB       ,K =10, n=10000, 0.120537
Cube        ,K =10, n=10000, 0.003735 s, 0.241289
Cube LIB       ,K =10, n=10000, 0.360674
Sphere      ,K =10, n=10000, 0.007390 s, 0.043381
Sphere LIB     ,K =10, n=10000, 0.190129
ImpGreedy      ,K =10, n=10000, 0.050459 s, 0.037615
ImpGreedy LIB       ,K =10, n=10000, 0.129897
Cube        ,K =10, n=10000, 0.003692 s, 0.252280
Cube LIB       ,K =10, n=10000, 0.397394
Sphere      ,K =10, n=10000, 0.007307 s, 0.042627
Sphere LIB     ,K =10, n=10000, 0.176675
ImpGreedy      ,K =10, n=10000, 0.036432 s, 0.036155
ImpGreedy LIB       ,K =10, n=10000, 0.120035
Cube        ,K =10, n=10000, 0.003642 s, 0.261940
Cube LIB       ,K =10, n=10000, 0.404369
Sphere      ,K =10, n=10000, 0.007556 s, 0.037928
Sphere LIB     ,K =10, n=10000, 0.152124
ImpGreedy      ,K =10, n=10000, 0.031948 s, 0.037035
ImpGreedy LIB       ,K =10, n=10000, 0.120940
Cube        ,K =10, n=10000, 0.003622 s, 0.249732
Cube LIB       ,K =10, n=10000, 0.428880
Sphere      ,K =10, n=10000, 0.007840 s, 0.037981
Sphere LIB     ,K =10, n=10000, 0.162119
ImpGreedy      ,K =10, n=10000, 0.019063 s, 0.045589
ImpGreedy LIB       ,K =10, n=10000, 0.136958
Cube        ,K =10, n=10000, 0.003608 s, 0.256810
Cube LIB       ,K =10, n=10000, 0.459442
Sphere      ,K =10, n=10000, 0.007937 s, 0.036033
Sphere LIB     ,K =10, n=10000, 0.151377
ImpGreedy      ,K =10, n=10000, 0.024394 s, 0.042729
ImpGreedy LIB       ,K =10, n=10000, 0.128586
Cube        ,K =10, n=10000, 0.003608 s, 0.254799
Cube LIB       ,K =10, n=10000, 0.461396
Sphere      ,K =10, n=10000, 0.007851 s, 0.034561
Sphere LIB     ,K =10, n=10000, 0.146997
ImpGreedy      ,K =10, n=10000, 0.018328 s, 0.039949
ImpGreedy LIB       ,K =10, n=10000, 0.123563
Cube        ,K =10, n=10000, 0.003605 s, 0.254235
Cube LIB       ,K =10, n=10000, 0.472284
Sphere      ,K =10, n=10000, 0.007743 s, 0.032990
Sphere LIB     ,K =10, n=10000, 0.138737
ImpGreedy      ,K =10, n=10000, 0.016785 s, 0.037884
ImpGreedy LIB       ,K =10, n=10000, 0.116904
Cube        ,K =15, n=10000, 0.006281 s, 0.338242
Cube LIB       ,K =15, n=10000, 0.337158
Sphere      ,K =15, n=10000, 0.013396 s, 0.028584
Sphere LIB     ,K =15, n=10000, 0.162798
ImpGreedy      ,K =15, n=10000, 0.230477 s, 0.024126
ImpGreedy LIB       ,K =15, n=10000, 0.079859
Cube        ,K =15, n=10000, 0.006613 s, 0.329239
Cube LIB       ,K =15, n=10000, 0.379807
Sphere      ,K =15, n=10000, 0.011298 s, 0.021858
Sphere LIB     ,K =15, n=10000, 0.090049
ImpGreedy      ,K =15, n=10000, 0.100289 s, 0.017797
ImpGreedy LIB       ,K =15, n=10000, 0.048772
Cube        ,K =15, n=10000, 0.006478 s, 0.252170
Cube LIB       ,K =15, n=10000, 0.345699
Sphere      ,K =15, n=10000, 0.010153 s, 0.021097
Sphere LIB     ,K =15, n=10000, 0.086148
ImpGreedy      ,K =15, n=10000, 0.047962 s, 0.017899
ImpGreedy LIB       ,K =15, n=10000, 0.063354
Cube        ,K =15, n=10000, 0.006426 s, 0.263291
Cube LIB       ,K =15, n=10000, 0.358776
Sphere      ,K =15, n=10000, 0.009811 s, 0.019363
Sphere LIB     ,K =15, n=10000, 0.081479
ImpGreedy      ,K =15, n=10000, 0.053525 s, 0.020167
ImpGreedy LIB       ,K =15, n=10000, 0.081240
Cube        ,K =15, n=10000, 0.006428 s, 0.275684
Cube LIB       ,K =15, n=10000, 0.396162
Sphere      ,K =15, n=10000, 0.009634 s, 0.020932
Sphere LIB     ,K =15, n=10000, 0.083126
ImpGreedy      ,K =15, n=10000, 0.039550 s, 0.018687
ImpGreedy LIB       ,K =15, n=10000, 0.078105
Cube        ,K =15, n=10000, 0.006631 s, 0.282099
Cube LIB       ,K =15, n=10000, 0.402918
Sphere      ,K =15, n=10000, 0.009949 s, 0.019223
Sphere LIB     ,K =15, n=10000, 0.079608
ImpGreedy      ,K =15, n=10000, 0.035702 s, 0.017478
ImpGreedy LIB       ,K =15, n=10000, 0.070947
Cube        ,K =15, n=10000, 0.006726 s, 0.266175
Cube LIB       ,K =15, n=10000, 0.427037
Sphere      ,K =15, n=10000, 0.010166 s, 0.020431
Sphere LIB     ,K =15, n=10000, 0.076065
ImpGreedy      ,K =15, n=10000, 0.025395 s, 0.019199
ImpGreedy LIB       ,K =15, n=10000, 0.079466
Cube        ,K =15, n=10000, 0.006726 s, 0.268935
Cube LIB       ,K =15, n=10000, 0.458057
Sphere      ,K =15, n=10000, 0.010144 s, 0.019322
Sphere LIB     ,K =15, n=10000, 0.069263
ImpGreedy      ,K =15, n=10000, 0.025434 s, 0.018360
ImpGreedy LIB       ,K =15, n=10000, 0.072474
Cube        ,K =15, n=10000, 0.006692 s, 0.265617
Cube LIB       ,K =15, n=10000, 0.458798
Sphere      ,K =15, n=10000, 0.009949 s, 0.018496
Sphere LIB     ,K =15, n=10000, 0.065380
ImpGreedy      ,K =15, n=10000, 0.018954 s, 0.017391
ImpGreedy LIB       ,K =15, n=10000, 0.068490
Cube        ,K =15, n=10000, 0.006744 s, 0.262504
Cube LIB       ,K =15, n=10000, 0.470608
Sphere      ,K =15, n=10000, 0.009773 s, 0.017700
Sphere LIB     ,K =15, n=10000, 0.060286
ImpGreedy      ,K =15, n=10000, 0.018190 s, 0.016515
ImpGreedy LIB       ,K =15, n=10000, 0.062993
Cube        ,K =20, n=10000, 0.009105 s, 0.333871
Cube LIB       ,K =20, n=10000, 0.335021
Sphere      ,K =20, n=10000, 0.011097 s, 0.014762
Sphere LIB     ,K =20, n=10000, 0.059568
ImpGreedy      ,K =20, n=10000, 0.237223 s, 0.014255
ImpGreedy LIB       ,K =20, n=10000, 0.057718
Cube        ,K =20, n=10000, 0.009050 s, 0.322060
Cube LIB       ,K =20, n=10000, 0.378810
Sphere      ,K =20, n=10000, 0.010745 s, 0.010845
Sphere LIB     ,K =20, n=10000, 0.037304
ImpGreedy      ,K =20, n=10000, 0.102279 s, 0.012657
ImpGreedy LIB       ,K =20, n=10000, 0.037098
Cube        ,K =20, n=10000, 0.008923 s, 0.245861
Cube LIB       ,K =20, n=10000, 0.340317
Sphere      ,K =20, n=10000, 0.010039 s, 0.010506
Sphere LIB     ,K =20, n=10000, 0.042120
ImpGreedy      ,K =20, n=10000, 0.049491 s, 0.013805
ImpGreedy LIB       ,K =20, n=10000, 0.046703
Cube        ,K =20, n=10000, 0.008634 s, 0.244841
Cube LIB       ,K =20, n=10000, 0.355428
Sphere      ,K =20, n=10000, 0.009776 s, 0.010799
Sphere LIB     ,K =20, n=10000, 0.041960
ImpGreedy      ,K =20, n=10000, 0.059083 s, 0.012956
ImpGreedy LIB       ,K =20, n=10000, 0.043165
Cube        ,K =20, n=10000, 0.008784 s, 0.260392
Cube LIB       ,K =20, n=10000, 0.392097
Sphere      ,K =20, n=10000, 0.010072 s, 0.010276
Sphere LIB     ,K =20, n=10000, 0.039977
ImpGreedy      ,K =20, n=10000, 0.040901 s, 0.011863
ImpGreedy LIB       ,K =20, n=10000, 0.041998
Cube        ,K =20, n=10000, 0.008735 s, 0.267605
Cube LIB       ,K =20, n=10000, 0.398123
Sphere      ,K =20, n=10000, 0.010524 s, 0.009699
Sphere LIB     ,K =20, n=10000, 0.036249
ImpGreedy      ,K =20, n=10000, 0.036511 s, 0.011016
ImpGreedy LIB       ,K =20, n=10000, 0.038421
Cube        ,K =20, n=10000, 0.008608 s, 0.253956
Cube LIB       ,K =20, n=10000, 0.425026
Sphere      ,K =20, n=10000, 0.011124 s, 0.009567
Sphere LIB     ,K =20, n=10000, 0.033737
ImpGreedy      ,K =20, n=10000, 0.027530 s, 0.010691
ImpGreedy LIB       ,K =20, n=10000, 0.036344
Cube        ,K =20, n=10000, 0.008534 s, 0.258186
Cube LIB       ,K =20, n=10000, 0.456983
Sphere      ,K =20, n=10000, 0.011031 s, 0.009442
Sphere LIB     ,K =20, n=10000, 0.031842
ImpGreedy      ,K =20, n=10000, 0.026257 s, 0.010079
ImpGreedy LIB       ,K =20, n=10000, 0.033073
Cube        ,K =20, n=10000, 0.008507 s, 0.255879
Cube LIB       ,K =20, n=10000, 0.459060
Sphere      ,K =20, n=10000, 0.010879 s, 0.008931
Sphere LIB     ,K =20, n=10000, 0.029805
ImpGreedy      ,K =20, n=10000, 0.019474 s, 0.009580
ImpGreedy LIB       ,K =20, n=10000, 0.030323
Cube        ,K =20, n=10000, 0.008531 s, 0.250826
Cube LIB       ,K =20, n=10000, 0.470896
Sphere      ,K =20, n=10000, 0.010749 s, 0.008647
Sphere LIB     ,K =20, n=10000, 0.028241
ImpGreedy      ,K =20, n=10000, 0.018910 s, 0.009196
ImpGreedy LIB       ,K =20, n=10000, 0.029063
Cube        ,K =25, n=10000, 0.009011 s, 0.311000
Cube LIB       ,K =25, n=10000, 0.339258
Sphere      ,K =25, n=10000, 0.013554 s, 0.007803
Sphere LIB     ,K =25, n=10000, 0.020190
ImpGreedy      ,K =25, n=10000, 0.248485 s, 0.008979
ImpGreedy LIB       ,K =25, n=10000, 0.022234
Cube        ,K =25, n=10000, 0.009402 s, 0.311012
Cube LIB       ,K =25, n=10000, 0.380146
Sphere      ,K =25, n=10000, 0.012627 s, 0.006842
Sphere LIB     ,K =25, n=10000, 0.015093
ImpGreedy      ,K =25, n=10000, 0.105421 s, 0.007686
ImpGreedy LIB       ,K =25, n=10000, 0.016521
Cube        ,K =25, n=10000, 0.009892 s, 0.233171
Cube LIB       ,K =25, n=10000, 0.336238
Sphere      ,K =25, n=10000, 0.011657 s, 0.006962
Sphere LIB     ,K =25, n=10000, 0.014738
ImpGreedy      ,K =25, n=10000, 0.052854 s, 0.007817
ImpGreedy LIB       ,K =25, n=10000, 0.029486
Cube        ,K =25, n=10000, 0.009999 s, 0.221462
Cube LIB       ,K =25, n=10000, 0.353724
Sphere      ,K =25, n=10000, 0.011305 s, 0.006928
Sphere LIB     ,K =25, n=10000, 0.015960
ImpGreedy      ,K =25, n=10000, 0.061127 s, 0.007200
ImpGreedy LIB       ,K =25, n=10000, 0.029510
Cube        ,K =25, n=10000, 0.009865 s, 0.234014
Cube LIB       ,K =25, n=10000, 0.391623
Sphere      ,K =25, n=10000, 0.011477 s, 0.007009
Sphere LIB     ,K =25, n=10000, 0.015402
ImpGreedy      ,K =25, n=10000, 0.041585 s, 0.006738
ImpGreedy LIB       ,K =25, n=10000, 0.028171
Cube        ,K =25, n=10000, 0.009896 s, 0.245863
Cube LIB       ,K =25, n=10000, 0.398953
Sphere      ,K =25, n=10000, 0.012053 s, 0.006519
Sphere LIB     ,K =25, n=10000, 0.015806
ImpGreedy      ,K =25, n=10000, 0.038497 s, 0.006259
ImpGreedy LIB       ,K =25, n=10000, 0.026265
Cube        ,K =25, n=10000, 0.009793 s, 0.234481
Cube LIB       ,K =25, n=10000, 0.423592
Sphere      ,K =25, n=10000, 0.012529 s, 0.006591
Sphere LIB     ,K =25, n=10000, 0.015646
ImpGreedy      ,K =25, n=10000, 0.028434 s, 0.006582
ImpGreedy LIB       ,K =25, n=10000, 0.025023
Cube        ,K =25, n=10000, 0.009854 s, 0.240260
Cube LIB       ,K =25, n=10000, 0.457067
Sphere      ,K =25, n=10000, 0.012525 s, 0.006445
Sphere LIB     ,K =25, n=10000, 0.015066
ImpGreedy      ,K =25, n=10000, 0.027231 s, 0.006419
ImpGreedy LIB       ,K =25, n=10000, 0.023499
Cube        ,K =25, n=10000, 0.009847 s, 0.239427
Cube LIB       ,K =25, n=10000, 0.458947
Sphere      ,K =25, n=10000, 0.012253 s, 0.005950
Sphere LIB     ,K =25, n=10000, 0.013695
ImpGreedy      ,K =25, n=10000, 0.019987 s, 0.005765
ImpGreedy LIB       ,K =25, n=10000, 0.021242
Cube        ,K =25, n=10000, 0.009863 s, 0.236028
Cube LIB       ,K =25, n=10000, 0.470368
Sphere      ,K =25, n=10000, 0.012097 s, 0.005793
Sphere LIB     ,K =25, n=10000, 0.013092
ImpGreedy      ,K =25, n=10000, 0.019147 s, 0.005617
ImpGreedy LIB       ,K =25, n=10000, 0.020852
Cube        ,K =30, n=10000, 0.009971 s, 0.183435
Cube LIB       ,K =30, n=10000, 0.332954
Sphere      ,K =30, n=10000, 0.014439 s, 0.007034
Sphere LIB     ,K =30, n=10000, 0.019454
ImpGreedy      ,K =30, n=10000, 0.253418 s, 0.006358
ImpGreedy LIB       ,K =30, n=10000, 0.016609
Cube        ,K =30, n=10000, 0.009544 s, 0.167560
Cube LIB       ,K =30, n=10000, 0.378601
Sphere      ,K =30, n=10000, 0.013838 s, 0.006512
Sphere LIB     ,K =30, n=10000, 0.016802
ImpGreedy      ,K =30, n=10000, 0.106878 s, 0.005398
ImpGreedy LIB       ,K =30, n=10000, 0.014549
Cube        ,K =30, n=10000, 0.009406 s, 0.129891
Cube LIB       ,K =30, n=10000, 0.338378
Sphere      ,K =30, n=10000, 0.013011 s, 0.005568
Sphere LIB     ,K =30, n=10000, 0.013661
ImpGreedy      ,K =30, n=10000, 0.054263 s, 0.005289
ImpGreedy LIB       ,K =30, n=10000, 0.011669
Cube        ,K =30, n=10000, 0.009222 s, 0.140398
Cube LIB       ,K =30, n=10000, 0.354498
Sphere      ,K =30, n=10000, 0.012662 s, 0.005010
Sphere LIB     ,K =30, n=10000, 0.015116
ImpGreedy      ,K =30, n=10000, 0.062463 s, 0.005114
ImpGreedy LIB       ,K =30, n=10000, 0.013681
Cube        ,K =30, n=10000, 0.009128 s, 0.146019
Cube LIB       ,K =30, n=10000, 0.393271
Sphere      ,K =30, n=10000, 0.012979 s, 0.005001
Sphere LIB     ,K =30, n=10000, 0.014662
ImpGreedy      ,K =30, n=10000, 0.043966 s, 0.004478
ImpGreedy LIB       ,K =30, n=10000, 0.013414
Cube        ,K =30, n=10000, 0.009169 s, 0.147063
Cube LIB       ,K =30, n=10000, 0.401009
Sphere      ,K =30, n=10000, 0.013432 s, 0.004765
Sphere LIB     ,K =30, n=10000, 0.015281
ImpGreedy      ,K =30, n=10000, 0.038968 s, 0.004330
ImpGreedy LIB       ,K =30, n=10000, 0.014403
Cube        ,K =30, n=10000, 0.009070 s, 0.143832
Cube LIB       ,K =30, n=10000, 0.427968
Sphere      ,K =30, n=10000, 0.013871 s, 0.004827
Sphere LIB     ,K =30, n=10000, 0.014863
ImpGreedy      ,K =30, n=10000, 0.028910 s, 0.004333
ImpGreedy LIB       ,K =30, n=10000, 0.015105
Cube        ,K =30, n=10000, 0.009227 s, 0.140727
Cube LIB       ,K =30, n=10000, 0.456139
Sphere      ,K =30, n=10000, 0.013786 s, 0.004427
Sphere LIB     ,K =30, n=10000, 0.013797
ImpGreedy      ,K =30, n=10000, 0.027381 s, 0.004006
ImpGreedy LIB       ,K =30, n=10000, 0.013784
Cube        ,K =30, n=10000, 0.009148 s, 0.149895
Cube LIB       ,K =30, n=10000, 0.458037
Sphere      ,K =30, n=10000, 0.013502 s, 0.004054
Sphere LIB     ,K =30, n=10000, 0.012264
ImpGreedy      ,K =30, n=10000, 0.020225 s, 0.003655
ImpGreedy LIB       ,K =30, n=10000, 0.012382
Cube        ,K =30, n=10000, 0.009090 s, 0.148687
Cube LIB       ,K =30, n=10000, 0.469007
Sphere      ,K =30, n=10000, 0.013314 s, 0.004036
Sphere LIB     ,K =30, n=10000, 0.011310
ImpGreedy      ,K =30, n=10000, 0.019437 s, 0.003667
ImpGreedy LIB       ,K =30, n=10000, 0.011749
