Cube        , n=100, 0.000282 s, 0.265827
Cube LIB       , n=100,0.331832
Sphere      , n=100 0.002003 s, 0.000000
Sphere LIB     , n=100, 0.000000
ImpGreedy      , n=100, 0.003188 s, 0.000000
ImpGreedy LIB       , n=100, 0.000000
Cube        , n=100, 0.000193 s, 0.227452
Cube LIB       , n=100,0.315587
Sphere      , n=100 0.001877 s, 0.000000
Sphere LIB     , n=100, 0.000000
ImpGreedy      , n=100, 0.003529 s, 0.000000
ImpGreedy LIB       , n=100, 0.000000
Cube        , n=100, 0.000161 s, 0.228299
Cube LIB       , n=100,0.307894
Sphere      , n=100 0.001884 s, 0.000000
Sphere LIB     , n=100, 0.000000
ImpGreedy      , n=100, 0.003732 s, 0.000000
ImpGreedy LIB       , n=100, 0.000000
Cube        , n=100, 0.000153 s, 0.210429
Cube LIB       , n=100,0.276893
Sphere      , n=100 0.001852 s, 0.000000
Sphere LIB     , n=100, 0.000000
ImpGreedy      , n=100, 0.003468 s, 0.000000
ImpGreedy LIB       , n=100, 0.000000
Cube        , n=100, 0.000151 s, 0.234486
Cube LIB       , n=100,0.267913
Sphere      , n=100 0.001774 s, 0.000000
Sphere LIB     , n=100, 0.000000
ImpGreedy      , n=100, 0.003391 s, 0.000000
ImpGreedy LIB       , n=100, 0.000000
Cube        , n=100, 0.000147 s, 0.227412
Cube LIB       , n=100,0.282809
Sphere      , n=100 0.001725 s, 0.000000
Sphere LIB     , n=100, 0.000000
ImpGreedy      , n=100, 0.003461 s, 0.000000
ImpGreedy LIB       , n=100, 0.000000
Cube        , n=100, 0.000143 s, 0.222332
Cube LIB       , n=100,0.297627
Sphere      , n=100 0.001650 s, 0.000000
Sphere LIB     , n=100, 0.000000
ImpGreedy      , n=100, 0.003338 s, 0.000000
ImpGreedy LIB       , n=100, 0.000000
Cube        , n=100, 0.000140 s, 0.223038
Cube LIB       , n=100,0.293716
Sphere      , n=100 0.001626 s, 0.000000
Sphere LIB     , n=100, 0.000000
ImpGreedy      , n=100, 0.003305 s, 0.000000
ImpGreedy LIB       , n=100, 0.000000
Cube        , n=100, 0.000137 s, 0.220245
Cube LIB       , n=100,0.289558
Sphere      , n=100 0.001566 s, 0.000000
Sphere LIB     , n=100, 0.000000
ImpGreedy      , n=100, 0.003216 s, 0.000000
ImpGreedy LIB       , n=100, 0.000000
Cube        , n=100, 0.000134 s, 0.211525
Cube LIB       , n=100,0.305172
Sphere      , n=100 0.001522 s, 0.000000
Sphere LIB     , n=100, 0.000000
ImpGreedy      , n=100, 0.003086 s, 0.000000
ImpGreedy LIB       , n=100, 0.000000
Cube        , n=1000, 0.000838 s, 0.189574
Cube LIB       , n=1000,0.580617
Sphere      , n=1000 0.003392 s, 0.006119
Sphere LIB     , n=1000, 0.008000
ImpGreedy      , n=1000, 0.020989 s, 0.003702
ImpGreedy LIB       , n=1000, 0.005224
Cube        , n=1000, 0.000865 s, 0.286144
Cube LIB       , n=1000,0.470881
Sphere      , n=1000 0.003443 s, 0.007398
Sphere LIB     , n=1000, 0.022476
ImpGreedy      , n=1000, 0.026491 s, 0.006022
ImpGreedy LIB       , n=1000, 0.018117
Cube        , n=1000, 0.000862 s, 0.276810
Cube LIB       , n=1000,0.482952
Sphere      , n=1000 0.003896 s, 0.009917
Sphere LIB     , n=1000, 0.032581
ImpGreedy      , n=1000, 0.026314 s, 0.008704
ImpGreedy LIB       , n=1000, 0.022860
Cube        , n=1000, 0.000859 s, 0.248788
Cube LIB       , n=1000,0.482992
Sphere      , n=1000 0.004213 s, 0.010844
Sphere LIB     , n=1000, 0.034786
ImpGreedy      , n=1000, 0.025304 s, 0.010695
ImpGreedy LIB       , n=1000, 0.032072
Cube        , n=1000, 0.000853 s, 0.243145
Cube LIB       , n=1000,0.490271
Sphere      , n=1000 0.004475 s, 0.011286
Sphere LIB     , n=1000, 0.042330
ImpGreedy      , n=1000, 0.024871 s, 0.011322
ImpGreedy LIB       , n=1000, 0.033790
Cube        , n=1000, 0.000855 s, 0.249012
Cube LIB       , n=1000,0.499185
Sphere      , n=1000 0.004501 s, 0.011087
Sphere LIB     , n=1000, 0.037234
ImpGreedy      , n=1000, 0.024942 s, 0.010997
ImpGreedy LIB       , n=1000, 0.030290
Cube        , n=1000, 0.000854 s, 0.262466
Cube LIB       , n=1000,0.456139
Sphere      , n=1000 0.004371 s, 0.011249
Sphere LIB     , n=1000, 0.039785
ImpGreedy      , n=1000, 0.025891 s, 0.010974
ImpGreedy LIB       , n=1000, 0.027883
Cube        , n=1000, 0.000858 s, 0.256356
Cube LIB       , n=1000,0.436818
Sphere      , n=1000 0.004315 s, 0.011496
Sphere LIB     , n=1000, 0.039809
ImpGreedy      , n=1000, 0.025625 s, 0.011223
ImpGreedy LIB       , n=1000, 0.029817
Cube        , n=1000, 0.000856 s, 0.254342
Cube LIB       , n=1000,0.433431
Sphere      , n=1000 0.004351 s, 0.010846
Sphere LIB     , n=1000, 0.037108
ImpGreedy      , n=1000, 0.025572 s, 0.010314
ImpGreedy LIB       , n=1000, 0.028197
Cube        , n=1000, 0.000859 s, 0.254717
Cube LIB       , n=1000,0.437216
Sphere      , n=1000 0.004464 s, 0.010480
Sphere LIB     , n=1000, 0.033971
ImpGreedy      , n=1000, 0.025846 s, 0.009890
ImpGreedy LIB       , n=1000, 0.026314
Cube        , n=10000, 0.007847 s, 0.333871
Cube LIB       , n=10000,0.335021
Sphere      , n=10000 0.011350 s, 0.014762
Sphere LIB     , n=10000, 0.059568
ImpGreedy      , n=10000, 0.242642 s, 0.014255
ImpGreedy LIB       , n=10000, 0.057718
Cube        , n=10000, 0.008155 s, 0.322060
Cube LIB       , n=10000,0.378810
Sphere      , n=10000 0.011387 s, 0.010845
Sphere LIB     , n=10000, 0.037304
ImpGreedy      , n=10000, 0.225152 s, 0.012657
ImpGreedy LIB       , n=10000, 0.037098
Cube        , n=10000, 0.008190 s, 0.245861
Cube LIB       , n=10000,0.340317
Sphere      , n=10000 0.010512 s, 0.010506
Sphere LIB     , n=10000, 0.042120
ImpGreedy      , n=10000, 0.201860 s, 0.013805
ImpGreedy LIB       , n=10000, 0.046703
Cube        , n=10000, 0.008271 s, 0.244841
Cube LIB       , n=10000,0.355428
Sphere      , n=10000 0.010313 s, 0.010799
Sphere LIB     , n=10000, 0.041960
ImpGreedy      , n=10000, 0.213933 s, 0.012956
ImpGreedy LIB       , n=10000, 0.043165
Cube        , n=10000, 0.008376 s, 0.260392
Cube LIB       , n=10000,0.392097
Sphere      , n=10000 0.010636 s, 0.010276
Sphere LIB     , n=10000, 0.039977
ImpGreedy      , n=10000, 0.214660 s, 0.011863
ImpGreedy LIB       , n=10000, 0.041998
Cube        , n=10000, 0.008405 s, 0.267605
Cube LIB       , n=10000,0.398123
Sphere      , n=10000 0.011031 s, 0.009699
Sphere LIB     , n=10000, 0.036249
ImpGreedy      , n=10000, 0.217671 s, 0.011016
ImpGreedy LIB       , n=10000, 0.038421
Cube        , n=10000, 0.008284 s, 0.253956
Cube LIB       , n=10000,0.425026
Sphere      , n=10000 0.011515 s, 0.009567
Sphere LIB     , n=10000, 0.033737
ImpGreedy      , n=10000, 0.214368 s, 0.010691
ImpGreedy LIB       , n=10000, 0.036344
Cube        , n=10000, 0.008404 s, 0.258186
Cube LIB       , n=10000,0.456983
Sphere      , n=10000 0.011375 s, 0.009442
Sphere LIB     , n=10000, 0.031842
ImpGreedy      , n=10000, 0.213774 s, 0.010079
ImpGreedy LIB       , n=10000, 0.033073
Cube        , n=10000, 0.008414 s, 0.255879
Cube LIB       , n=10000,0.459060
Sphere      , n=10000 0.011179 s, 0.008931
Sphere LIB     , n=10000, 0.029805
ImpGreedy      , n=10000, 0.209764 s, 0.009580
ImpGreedy LIB       , n=10000, 0.030323
Cube        , n=10000, 0.008565 s, 0.250826
Cube LIB       , n=10000,0.470896
Sphere      , n=10000 0.010996 s, 0.008647
Sphere LIB     , n=10000, 0.028241
ImpGreedy      , n=10000, 0.207642 s, 0.009196
ImpGreedy LIB       , n=10000, 0.029063
Cube        , n=100000, 0.078737 s, 0.348271
Cube LIB       , n=100000,0.572067
Sphere      , n=100000 0.042675 s, 0.008858
Sphere LIB     , n=100000, 0.031817
ImpGreedy      , n=100000, 2.209551 s, 0.009560
ImpGreedy LIB       , n=100000, 0.036458
Cube        , n=100000, 0.078536 s, 0.250043
Cube LIB       , n=100000,0.619384
Sphere      , n=100000 0.040308 s, 0.007887
Sphere LIB     , n=100000, 0.034084
ImpGreedy      , n=100000, 1.909083 s, 0.007865
ImpGreedy LIB       , n=100000, 0.032553
Cube        , n=100000, 0.080633 s, 0.240173
Cube LIB       , n=100000,0.530310
Sphere      , n=100000 0.038514 s, 0.006548
Sphere LIB     , n=100000, 0.030029
ImpGreedy      , n=100000, 2.001218 s, 0.006741
ImpGreedy LIB       , n=100000, 0.026525
Cube        , n=100000, 0.080850 s, 0.270111
Cube LIB       , n=100000,0.462896
Sphere      , n=100000 0.038988 s, 0.005640
Sphere LIB     , n=100000, 0.023201
ImpGreedy      , n=100000, 2.034042 s, 0.005775
ImpGreedy LIB       , n=100000, 0.020322
Cube        , n=100000, 0.080219 s, 0.276941
Cube LIB       , n=100000,0.466020
Sphere      , n=100000 0.038237 s, 0.005863
Sphere LIB     , n=100000, 0.023248
ImpGreedy      , n=100000, 2.030140 s, 0.006176
ImpGreedy LIB       , n=100000, 0.022859
Cube        , n=100000, 0.080078 s, 0.296691
Cube LIB       , n=100000,0.449622
Sphere      , n=100000 0.038729 s, 0.005915
Sphere LIB     , n=100000, 0.024976
ImpGreedy      , n=100000, 2.157924 s, 0.006028
ImpGreedy LIB       , n=100000, 0.021995
Cube        , n=100000, 0.080385 s, 0.312230
Cube LIB       , n=100000,0.431780
Sphere      , n=100000 0.038162 s, 0.005894
Sphere LIB     , n=100000, 0.026204
ImpGreedy      , n=100000, 2.196712 s, 0.005950
ImpGreedy LIB       , n=100000, 0.024463
Cube        , n=100000, 0.080494 s, 0.316385
Cube LIB       , n=100000,0.409718
Sphere      , n=100000 0.038820 s, 0.006238
Sphere LIB     , n=100000, 0.030610
ImpGreedy      , n=100000, 2.260167 s, 0.006214
ImpGreedy LIB       , n=100000, 0.023820
Cube        , n=100000, 0.080379 s, 0.313855
Cube LIB       , n=100000,0.400457
Sphere      , n=100000 0.038631 s, 0.006390
Sphere LIB     , n=100000, 0.031006
ImpGreedy      , n=100000, 2.241552 s, 0.006296
ImpGreedy LIB       , n=100000, 0.024880
Cube        , n=100000, 0.081604 s, 0.305437
Cube LIB       , n=100000,0.426522
Sphere      , n=100000 0.038033 s, 0.006637
Sphere LIB     , n=100000, 0.031488
ImpGreedy      , n=100000, 2.205969 s, 0.006640
ImpGreedy LIB       , n=100000, 0.026069
Cube        , n=1000000, 0.822605 s, 0.343184
Cube LIB       , n=1000000,0.483249
Sphere      , n=1000000 0.231504 s, 0.002515
Sphere LIB     , n=1000000, 0.006887
ImpGreedy      , n=1000000, 23.484600 s, 0.003770
ImpGreedy LIB       , n=1000000, 0.016597
Cube        , n=1000000, 0.814832 s, 0.241358
Cube LIB       , n=1000000,0.392008
Sphere      , n=1000000 0.229807 s, 0.004076
Sphere LIB     , n=1000000, 0.020235
ImpGreedy      , n=1000000, 19.077398 s, 0.003233
ImpGreedy LIB       , n=1000000, 0.015359
Cube        , n=1000000, 0.817683 s, 0.231694
Cube LIB       , n=1000000,0.359306
Sphere      , n=1000000 0.246299 s, 0.004658
Sphere LIB     , n=1000000, 0.021138
ImpGreedy      , n=1000000, 20.032767 s, 0.003348
ImpGreedy LIB       , n=1000000, 0.014774
Cube        , n=1000000, 0.820402 s, 0.227229
Cube LIB       , n=1000000,0.386168
Sphere      , n=1000000 0.235646 s, 0.004908
Sphere LIB     , n=1000000, 0.021822
ImpGreedy      , n=1000000, 19.708536 s, 0.003786
ImpGreedy LIB       , n=1000000, 0.015085
Cube        , n=1000000, 0.813462 s, 0.259972
Cube LIB       , n=1000000,0.430311
Sphere      , n=1000000 0.226924 s, 0.004789
Sphere LIB     , n=1000000, 0.024159
ImpGreedy      , n=1000000, 20.162838 s, 0.003760
ImpGreedy LIB       , n=1000000, 0.015763
Cube        , n=1000000, 0.806598 s, 0.269679
Cube LIB       , n=1000000,0.421086
Sphere      , n=1000000 0.224564 s, 0.004742
Sphere LIB     , n=1000000, 0.022499
ImpGreedy      , n=1000000, 19.957769 s, 0.003569
ImpGreedy LIB       , n=1000000, 0.015516
Cube        , n=1000000, 0.802545 s, 0.270874
Cube LIB       , n=1000000,0.411000
Sphere      , n=1000000 0.286658 s, 0.004679
Sphere LIB     , n=1000000, 0.023221
ImpGreedy      , n=1000000, 19.867839 s, 0.003611
ImpGreedy LIB       , n=1000000, 0.014678
Cube        , n=1000000, 0.799367 s, 0.285731
Cube LIB       , n=1000000,0.426753
Sphere      , n=1000000 0.277064 s, 0.004173
Sphere LIB     , n=1000000, 0.020539
ImpGreedy      , n=1000000, 20.064850 s, 0.003327
ImpGreedy LIB       , n=1000000, 0.013443
Cube        , n=1000000, 0.796704 s, 0.282333
Cube LIB       , n=1000000,0.427325
Sphere      , n=1000000 0.270978 s, 0.004383
Sphere LIB     , n=1000000, 0.023069
ImpGreedy      , n=1000000, 19.839023 s, 0.003427
ImpGreedy LIB       , n=1000000, 0.013253
Cube        , n=1000000, 0.794490 s, 0.271564
Cube LIB       , n=1000000,0.422711
Sphere      , n=1000000 0.271217 s, 0.004822
Sphere LIB     , n=1000000, 0.024122
ImpGreedy      , n=1000000, 19.586171 s, 0.003584
ImpGreedy LIB       , n=1000000, 0.013961
