Cube         ,M =0.000100, n=10000, 0.277575
Cube LIB      ,M =0.000100, n=10000, 0.449983
Sphere       ,M =0.000100, n=10000 0.009945
Sphere LIB    ,M =0.000100, n=10000, 0.138574
ImpGreedy       ,M =0.000100, n=10000, 0.003797
ImpGreedy LIB      ,M =0.000100, n=10000, 0.113254
Cube         ,M =0.000100, n=10000, 0.282631
Cube LIB      ,M =0.000100, n=10000, 0.441346
Sphere       ,M =0.000100, n=10000 0.007334
Sphere LIB    ,M =0.000100, n=10000, 0.093153
ImpGreedy       ,M =0.000100, n=10000, 0.003782
ImpGreedy LIB      ,M =0.000100, n=10000, 0.071290
Cube         ,M =0.000100, n=10000, 0.283886
Cube LIB      ,M =0.000100, n=10000, 0.436727
Sphere       ,M =0.000100, n=10000 0.005336
Sphere LIB    ,M =0.000100, n=10000, 0.062928
ImpGreedy       ,M =0.000100, n=10000, 0.003163
ImpGreedy LIB      ,M =0.000100, n=10000, 0.048025
Cube         ,M =0.000100, n=10000, 0.271959
Cube LIB      ,M =0.000100, n=10000, 0.436476
Sphere       ,M =0.000100, n=10000 0.005761
Sphere LIB    ,M =0.000100, n=10000, 0.062269
ImpGreedy       ,M =0.000100, n=10000, 0.003947
ImpGreedy LIB      ,M =0.000100, n=10000, 0.038445
Cube         ,M =0.000100, n=10000, 0.258266
Cube LIB      ,M =0.000100, n=10000, 0.445946
Sphere       ,M =0.000100, n=10000 0.006368
Sphere LIB    ,M =0.000100, n=10000, 0.053469
ImpGreedy       ,M =0.000100, n=10000, 0.004891
ImpGreedy LIB      ,M =0.000100, n=10000, 0.033578
Cube         ,M =0.000100, n=10000, 0.251340
Cube LIB      ,M =0.000100, n=10000, 0.438324
Sphere       ,M =0.000100, n=10000 0.006737
Sphere LIB    ,M =0.000100, n=10000, 0.052435
ImpGreedy       ,M =0.000100, n=10000, 0.004890
ImpGreedy LIB      ,M =0.000100, n=10000, 0.045675
Cube         ,M =0.000100, n=10000, 0.246751
Cube LIB      ,M =0.000100, n=10000, 0.445864
Sphere       ,M =0.000100, n=10000 0.007325
Sphere LIB    ,M =0.000100, n=10000, 0.186364
ImpGreedy       ,M =0.000100, n=10000, 0.005888
ImpGreedy LIB      ,M =0.000100, n=10000, 0.152687
Cube         ,M =0.000100, n=10000, 0.239555
Cube LIB      ,M =0.000100, n=10000, 0.453661
Sphere       ,M =0.000100, n=10000 0.007573
Sphere LIB    ,M =0.000100, n=10000, 0.174341
ImpGreedy       ,M =0.000100, n=10000, 0.006502
ImpGreedy LIB      ,M =0.000100, n=10000, 0.139422
Cube         ,M =0.000100, n=10000, 0.239716
Cube LIB      ,M =0.000100, n=10000, 0.453629
Sphere       ,M =0.000100, n=10000 0.007368
Sphere LIB    ,M =0.000100, n=10000, 0.163618
ImpGreedy       ,M =0.000100, n=10000, 0.006475
ImpGreedy LIB      ,M =0.000100, n=10000, 0.129064
Cube         ,M =0.000100, n=10000, 0.242740
Cube LIB      ,M =0.000100, n=10000, 0.456795
Sphere       ,M =0.000100, n=10000 0.007002
Sphere LIB    ,M =0.000100, n=10000, 0.148332
ImpGreedy       ,M =0.000100, n=10000, 0.005959
ImpGreedy LIB      ,M =0.000100, n=10000, 0.118548
Cube         ,M =0.001000, n=10000, 0.276684
Cube LIB      ,M =0.001000, n=10000, 0.463766
Sphere       ,M =0.001000, n=10000 0.009623
Sphere LIB    ,M =0.001000, n=10000, 0.133566
ImpGreedy       ,M =0.001000, n=10000, 0.005818
ImpGreedy LIB      ,M =0.001000, n=10000, 0.075445
Cube         ,M =0.001000, n=10000, 0.282397
Cube LIB      ,M =0.001000, n=10000, 0.449506
Sphere       ,M =0.001000, n=10000 0.006122
Sphere LIB    ,M =0.001000, n=10000, 0.073859
ImpGreedy       ,M =0.001000, n=10000, 0.004836
ImpGreedy LIB      ,M =0.001000, n=10000, 0.081510
Cube         ,M =0.001000, n=10000, 0.284080
Cube LIB      ,M =0.001000, n=10000, 0.441664
Sphere       ,M =0.001000, n=10000 0.004932
Sphere LIB    ,M =0.001000, n=10000, 0.050286
ImpGreedy       ,M =0.001000, n=10000, 0.003444
ImpGreedy LIB      ,M =0.001000, n=10000, 0.054773
Cube         ,M =0.001000, n=10000, 0.270993
Cube LIB      ,M =0.001000, n=10000, 0.440503
Sphere       ,M =0.001000, n=10000 0.005309
Sphere LIB    ,M =0.001000, n=10000, 0.039505
ImpGreedy       ,M =0.001000, n=10000, 0.004210
ImpGreedy LIB      ,M =0.001000, n=10000, 0.048870
Cube         ,M =0.001000, n=10000, 0.258153
Cube LIB      ,M =0.001000, n=10000, 0.449960
Sphere       ,M =0.001000, n=10000 0.006142
Sphere LIB    ,M =0.001000, n=10000, 0.035951
ImpGreedy       ,M =0.001000, n=10000, 0.005231
ImpGreedy LIB      ,M =0.001000, n=10000, 0.044306
Cube         ,M =0.001000, n=10000, 0.251268
Cube LIB      ,M =0.001000, n=10000, 0.441807
Sphere       ,M =0.001000, n=10000 0.006573
Sphere LIB    ,M =0.001000, n=10000, 0.033721
ImpGreedy       ,M =0.001000, n=10000, 0.005154
ImpGreedy LIB      ,M =0.001000, n=10000, 0.039709
Cube         ,M =0.001000, n=10000, 0.246416
Cube LIB      ,M =0.001000, n=10000, 0.448651
Sphere       ,M =0.001000, n=10000 0.007272
Sphere LIB    ,M =0.001000, n=10000, 0.131958
ImpGreedy       ,M =0.001000, n=10000, 0.006072
ImpGreedy LIB      ,M =0.001000, n=10000, 0.155742
Cube         ,M =0.001000, n=10000, 0.239308
Cube LIB      ,M =0.001000, n=10000, 0.456017
Sphere       ,M =0.001000, n=10000 0.007396
Sphere LIB    ,M =0.001000, n=10000, 0.123661
ImpGreedy       ,M =0.001000, n=10000, 0.006961
ImpGreedy LIB      ,M =0.001000, n=10000, 0.143740
Cube         ,M =0.001000, n=10000, 0.240054
Cube LIB      ,M =0.001000, n=10000, 0.455537
Sphere       ,M =0.001000, n=10000 0.007182
Sphere LIB    ,M =0.001000, n=10000, 0.112865
ImpGreedy       ,M =0.001000, n=10000, 0.006757
ImpGreedy LIB      ,M =0.001000, n=10000, 0.156350
Cube         ,M =0.001000, n=10000, 0.243174
Cube LIB      ,M =0.001000, n=10000, 0.458961
Sphere       ,M =0.001000, n=10000 0.006552
Sphere LIB    ,M =0.001000, n=10000, 0.102222
ImpGreedy       ,M =0.001000, n=10000, 0.006187
ImpGreedy LIB      ,M =0.001000, n=10000, 0.141798
Cube         ,M =0.010000, n=10000, 0.275353
Cube LIB      ,M =0.010000, n=10000, 0.447004
Sphere       ,M =0.010000, n=10000 0.007878
Sphere LIB    ,M =0.010000, n=10000, 0.453264
ImpGreedy       ,M =0.010000, n=10000, 0.004058
ImpGreedy LIB      ,M =0.010000, n=10000, 0.347828
Cube         ,M =0.010000, n=10000, 0.280584
Cube LIB      ,M =0.010000, n=10000, 0.440278
Sphere       ,M =0.010000, n=10000 0.005989
Sphere LIB    ,M =0.010000, n=10000, 0.279329
ImpGreedy       ,M =0.010000, n=10000, 0.003948
ImpGreedy LIB      ,M =0.010000, n=10000, 0.187130
Cube         ,M =0.010000, n=10000, 0.282743
Cube LIB      ,M =0.010000, n=10000, 0.436229
Sphere       ,M =0.010000, n=10000 0.004220
Sphere LIB    ,M =0.010000, n=10000, 0.187326
ImpGreedy       ,M =0.010000, n=10000, 0.003163
ImpGreedy LIB      ,M =0.010000, n=10000, 0.125145
Cube         ,M =0.010000, n=10000, 0.271098
Cube LIB      ,M =0.010000, n=10000, 0.437143
Sphere       ,M =0.010000, n=10000 0.004690
Sphere LIB    ,M =0.010000, n=10000, 0.142343
ImpGreedy       ,M =0.010000, n=10000, 0.003995
ImpGreedy LIB      ,M =0.010000, n=10000, 0.095684
Cube         ,M =0.010000, n=10000, 0.257619
Cube LIB      ,M =0.010000, n=10000, 0.447574
Sphere       ,M =0.010000, n=10000 0.005532
Sphere LIB    ,M =0.010000, n=10000, 0.117006
ImpGreedy       ,M =0.010000, n=10000, 0.004962
ImpGreedy LIB      ,M =0.010000, n=10000, 0.079993
Cube         ,M =0.010000, n=10000, 0.250940
Cube LIB      ,M =0.010000, n=10000, 0.440556
Sphere       ,M =0.010000, n=10000 0.005926
Sphere LIB    ,M =0.010000, n=10000, 0.099910
ImpGreedy       ,M =0.010000, n=10000, 0.004949
ImpGreedy LIB      ,M =0.010000, n=10000, 0.069639
Cube         ,M =0.010000, n=10000, 0.246921
Cube LIB      ,M =0.010000, n=10000, 0.447344
Sphere       ,M =0.010000, n=10000 0.006617
Sphere LIB    ,M =0.010000, n=10000, 0.142931
ImpGreedy       ,M =0.010000, n=10000, 0.005875
ImpGreedy LIB      ,M =0.010000, n=10000, 0.110059
Cube         ,M =0.010000, n=10000, 0.239694
Cube LIB      ,M =0.010000, n=10000, 0.453814
Sphere       ,M =0.010000, n=10000 0.006996
Sphere LIB    ,M =0.010000, n=10000, 0.145718
ImpGreedy       ,M =0.010000, n=10000, 0.006839
ImpGreedy LIB      ,M =0.010000, n=10000, 0.104010
Cube         ,M =0.010000, n=10000, 0.239864
Cube LIB      ,M =0.010000, n=10000, 0.454321
Sphere       ,M =0.010000, n=10000 0.006846
Sphere LIB    ,M =0.010000, n=10000, 0.134883
ImpGreedy       ,M =0.010000, n=10000, 0.006551
ImpGreedy LIB      ,M =0.010000, n=10000, 0.116138
Cube         ,M =0.010000, n=10000, 0.242773
Cube LIB      ,M =0.010000, n=10000, 0.457916
Sphere       ,M =0.010000, n=10000 0.006486
Sphere LIB    ,M =0.010000, n=10000, 0.122063
ImpGreedy       ,M =0.010000, n=10000, 0.006018
ImpGreedy LIB      ,M =0.010000, n=10000, 0.114681
Cube         ,M =0.100000, n=10000, 0.279641
Cube LIB      ,M =0.100000, n=10000, 0.464479
Sphere       ,M =0.100000, n=10000 0.008350
Sphere LIB    ,M =0.100000, n=10000, 0.012216
ImpGreedy       ,M =0.100000, n=10000, 0.006180
ImpGreedy LIB      ,M =0.100000, n=10000, 0.006480
Cube         ,M =0.100000, n=10000, 0.282023
Cube LIB      ,M =0.100000, n=10000, 0.450617
Sphere       ,M =0.100000, n=10000 0.005641
Sphere LIB    ,M =0.100000, n=10000, 0.016168
ImpGreedy       ,M =0.100000, n=10000, 0.005772
ImpGreedy LIB      ,M =0.100000, n=10000, 0.013405
Cube         ,M =0.100000, n=10000, 0.283793
Cube LIB      ,M =0.100000, n=10000, 0.442420
Sphere       ,M =0.100000, n=10000 0.004528
Sphere LIB    ,M =0.100000, n=10000, 0.011436
ImpGreedy       ,M =0.100000, n=10000, 0.004658
ImpGreedy LIB      ,M =0.100000, n=10000, 0.009574
Cube         ,M =0.100000, n=10000, 0.272963
Cube LIB      ,M =0.100000, n=10000, 0.442510
Sphere       ,M =0.100000, n=10000 0.005050
Sphere LIB    ,M =0.100000, n=10000, 0.010346
ImpGreedy       ,M =0.100000, n=10000, 0.005002
ImpGreedy LIB      ,M =0.100000, n=10000, 0.010045
Cube         ,M =0.100000, n=10000, 0.258499
Cube LIB      ,M =0.100000, n=10000, 0.451140
Sphere       ,M =0.100000, n=10000 0.005544
Sphere LIB    ,M =0.100000, n=10000, 0.012283
ImpGreedy       ,M =0.100000, n=10000, 0.005680
ImpGreedy LIB      ,M =0.100000, n=10000, 0.012681
Cube         ,M =0.100000, n=10000, 0.251729
Cube LIB      ,M =0.100000, n=10000, 0.442047
Sphere       ,M =0.100000, n=10000 0.005900
Sphere LIB    ,M =0.100000, n=10000, 0.013821
ImpGreedy       ,M =0.100000, n=10000, 0.005404
ImpGreedy LIB      ,M =0.100000, n=10000, 0.014811
Cube         ,M =0.100000, n=10000, 0.247123
Cube LIB      ,M =0.100000, n=10000, 0.449061
Sphere       ,M =0.100000, n=10000 0.006521
Sphere LIB    ,M =0.100000, n=10000, 0.026078
ImpGreedy       ,M =0.100000, n=10000, 0.006312
ImpGreedy LIB      ,M =0.100000, n=10000, 0.028691
Cube         ,M =0.100000, n=10000, 0.239815
Cube LIB      ,M =0.100000, n=10000, 0.456056
Sphere       ,M =0.100000, n=10000 0.006947
Sphere LIB    ,M =0.100000, n=10000, 0.028782
ImpGreedy       ,M =0.100000, n=10000, 0.007199
ImpGreedy LIB      ,M =0.100000, n=10000, 0.030680
Cube         ,M =0.100000, n=10000, 0.240481
Cube LIB      ,M =0.100000, n=10000, 0.455062
Sphere       ,M =0.100000, n=10000 0.006774
Sphere LIB    ,M =0.100000, n=10000, 0.026358
ImpGreedy       ,M =0.100000, n=10000, 0.006918
ImpGreedy LIB      ,M =0.100000, n=10000, 0.028688
Cube         ,M =0.100000, n=10000, 0.243425
Cube LIB      ,M =0.100000, n=10000, 0.458393
Sphere       ,M =0.100000, n=10000 0.006410
Sphere LIB    ,M =0.100000, n=10000, 0.025111
ImpGreedy       ,M =0.100000, n=10000, 0.006638
ImpGreedy LIB      ,M =0.100000, n=10000, 0.027756
Cube         ,M =1.000000, n=10000, 0.279007
Cube LIB      ,M =1.000000, n=10000, 0.429123
Sphere       ,M =1.000000, n=10000 0.008880
Sphere LIB    ,M =1.000000, n=10000, 0.011077
ImpGreedy       ,M =1.000000, n=10000, 0.003860
ImpGreedy LIB      ,M =1.000000, n=10000, 0.005728
Cube         ,M =1.000000, n=10000, 0.283224
Cube LIB      ,M =1.000000, n=10000, 0.422650
Sphere       ,M =1.000000, n=10000 0.006634
Sphere LIB    ,M =1.000000, n=10000, 0.007264
ImpGreedy       ,M =1.000000, n=10000, 0.003777
ImpGreedy LIB      ,M =1.000000, n=10000, 0.004195
Cube         ,M =1.000000, n=10000, 0.284250
Cube LIB      ,M =1.000000, n=10000, 0.422035
Sphere       ,M =1.000000, n=10000 0.004699
Sphere LIB    ,M =1.000000, n=10000, 0.004843
ImpGreedy       ,M =1.000000, n=10000, 0.002702
ImpGreedy LIB      ,M =1.000000, n=10000, 0.002796
Cube         ,M =1.000000, n=10000, 0.272383
Cube LIB      ,M =1.000000, n=10000, 0.423544
Sphere       ,M =1.000000, n=10000 0.004943
Sphere LIB    ,M =1.000000, n=10000, 0.005138
ImpGreedy       ,M =1.000000, n=10000, 0.003470
ImpGreedy LIB      ,M =1.000000, n=10000, 0.003961
Cube         ,M =1.000000, n=10000, 0.258344
Cube LIB      ,M =1.000000, n=10000, 0.431949
Sphere       ,M =1.000000, n=10000 0.005682
Sphere LIB    ,M =1.000000, n=10000, 0.005540
ImpGreedy       ,M =1.000000, n=10000, 0.004374
ImpGreedy LIB      ,M =1.000000, n=10000, 0.004421
Cube         ,M =1.000000, n=10000, 0.251787
Cube LIB      ,M =1.000000, n=10000, 0.425403
Sphere       ,M =1.000000, n=10000 0.006039
Sphere LIB    ,M =1.000000, n=10000, 0.007462
ImpGreedy       ,M =1.000000, n=10000, 0.004563
ImpGreedy LIB      ,M =1.000000, n=10000, 0.004196
Cube         ,M =1.000000, n=10000, 0.247073
Cube LIB      ,M =1.000000, n=10000, 0.427206
Sphere       ,M =1.000000, n=10000 0.006822
Sphere LIB    ,M =1.000000, n=10000, 0.007749
ImpGreedy       ,M =1.000000, n=10000, 0.005492
ImpGreedy LIB      ,M =1.000000, n=10000, 0.005729
Cube         ,M =1.000000, n=10000, 0.239753
Cube LIB      ,M =1.000000, n=10000, 0.429531
Sphere       ,M =1.000000, n=10000 0.007184
Sphere LIB    ,M =1.000000, n=10000, 0.008913
ImpGreedy       ,M =1.000000, n=10000, 0.006420
ImpGreedy LIB      ,M =1.000000, n=10000, 0.007200
Cube         ,M =1.000000, n=10000, 0.239764
Cube LIB      ,M =1.000000, n=10000, 0.428022
Sphere       ,M =1.000000, n=10000 0.006981
Sphere LIB    ,M =1.000000, n=10000, 0.008703
ImpGreedy       ,M =1.000000, n=10000, 0.006417
ImpGreedy LIB      ,M =1.000000, n=10000, 0.006968
Cube         ,M =1.000000, n=10000, 0.243190
Cube LIB      ,M =1.000000, n=10000, 0.431905
Sphere       ,M =1.000000, n=10000 0.006627
Sphere LIB    ,M =1.000000, n=10000, 0.008327
ImpGreedy       ,M =1.000000, n=10000, 0.005877
ImpGreedy LIB      ,M =1.000000, n=10000, 0.006271
