10000 4 5
20
21.2359 0.309629 0.208773 0.275623 0.313343 0.339029 0.413158
0.319199 0.31818 0.210048 0.28628 0.31995 0.350785 0.427563
1129.96 0.0508249 0.0429939 0.0493807 0.0507811 0.0523356 0.0577738
1132.4 0.0428866 0.0353779 0.0400294 0.0423864 0.0458422 0.0504551
25
25.4865 0.277827 0.159856 0.254891 0.280108 0.300399 0.354664
0.336595 0.286317 0.164398 0.26044 0.286371 0.309013 0.3737
1157.14 0.038296 0.0306018 0.0352729 0.0375261 0.0411938 0.0489735
1187.97 0.0373361 0.0319332 0.0359555 0.0370595 0.0387146 0.0423897
30
24.7142 0.231492 0.153623 0.216588 0.232533 0.246169 0.292542
0.310601 0.253193 0.155223 0.238405 0.253886 0.269383 0.327993
1181.71 0.0317053 0.0245049 0.0296301 0.0308976 0.0340692 0.0394874
1241.33 0.029695 0.0247583 0.0286858 0.0295512 0.0308282 0.0340326
35
40.7174 0.30331 0.197233 0.258711 0.313895 0.347619 0.430515
0.563771 0.304373 0.198604 0.255692 0.313044 0.348938 0.42565
1208.41 0.024992 0.0198095 0.0231823 0.0247512 0.0263296 0.0320403
1293.59 0.0232772 0.014437 0.0215657 0.0230628 0.0250994 0.030144
40
44.477 0.288938 0.164413 0.252103 0.303083 0.325607 0.366648
0.576159 0.284061 0.160397 0.251345 0.292904 0.320467 0.371319
1234.55 0.0196093 0.0131335 0.0184992 0.0196947 0.0210554 0.0263008
1354.17 0.017051 0.0104833 0.0148462 0.0169084 0.0192046 0.0239717
