10000 30 5
2
18.4366 0.0109056 0 0.00458922 0.0104882 0.0163359 0.0309386
0.247105 0.0647376 0 0.0392966 0.0634362 0.0918825 0.151097
1042.72 0.01 0.01 0.01 0.01 0.01 0.01
516.048 0.01 0.01 0.01 0.01 0.01 0.01
3
40.1909 0.186927 0.115134 0.167641 0.17342 0.209919 0.254614
0.384395 0.186599 0.108087 0.144537 0.188754 0.226749 0.280715
843.295 0.00326917 0.000565122 0.00125932 0.00324402 0.00463124 0.00773996
831.122 0.00280839 0.000716355 0.00125331 0.00307252 0.00418297 0.00555925
4
24.2746 0.231514 0.154328 0.216857 0.232843 0.246391 0.290587
0.322992 0.253103 0.153163 0.238568 0.253554 0.269708 0.324896
1173.93 0.031716 0.0232542 0.0296787 0.0308996 0.034109 0.0393831
1233.55 0.0297332 0.0241934 0.0287504 0.0295947 0.0308191 0.0338752
5
41.9693 0.3763 0.227733 0.352207 0.380963 0.402634 0.461013
0.654413 0.372599 0.217171 0.34805 0.372909 0.399563 0.460389
1485.37 0.0703703 0.0537314 0.0656986 0.0695022 0.0748441 0.0884635
1478.71 0.0719058 0.0525983 0.064999 0.0727404 0.0774631 0.0892143
6
31.0476 0.301501 0.221922 0.293842 0.304623 0.312981 0.335916
0.48069 0.297805 0.236216 0.278952 0.302047 0.313854 0.371224
1385.61 0.10839 0.0683246 0.104474 0.112258 0.117176 0.13232
1908.65 0.0925131 0.0724946 0.0873804 0.0926803 0.0975192 0.121154
